SF:/home/andy/dev/rewrite-r/weaver/src/errors/fitting_error.rs
FN:42,_RNvNtNtNtCslaHvyqE5Xlf_6crabby6errors13fitting_error5testss_32test_from_qr_decomposition_error
FN:51,_RNvNtNtNtCslaHvyqE5Xlf_6crabby6errors13fitting_error5testss_30test_from_matrix_inverse_error
FN:59,_RNvNtNtNtCslaHvyqE5Xlf_6crabby6errors13fitting_error5testss_27test_from_dot_product_error
FN:67,_RNvNtNtNtCslaHvyqE5Xlf_6crabby6errors13fitting_error5testss_34test_from_dimension_mismatch_error
FN:76,_RNvNtNtNtCslaHvyqE5Xlf_6crabby6errors13fitting_error5testss_32test_from_operation_failed_error
FN:84,_RNvNtNtNtCslaHvyqE5Xlf_6crabby6errors13fitting_error5testss_22test_from_lapack_error
FN:92,_RNvNtNtNtCslaHvyqE5Xlf_6crabby6errors13fitting_error5testss_47test_display_qr_decomposition_calculation_error
FN:101,_RNvNtNtNtCslaHvyqE5Xlf_6crabby6errors13fitting_error5testss_28test_display_model_fit_error
FN:11,_RNvXNtNtCslaHvyqE5Xlf_6crabby6errors13fitting_errorNtB2_12FittingErrorNtNtCs5cYH0lLSdLc_4core3fmt7Display3fmt
FN:22,_RNvXs_NtNtCslaHvyqE5Xlf_6crabby6errors13fitting_errorNtB4_12FittingErrorINtNtCs5cYH0lLSdLc_4core7convert4FromNtNtB6_20linear_algebra_error18LinearAlgebraErrorE4from
FNDA:1,_RNvNtNtNtCslaHvyqE5Xlf_6crabby6errors13fitting_error5testss_32test_from_qr_decomposition_error
FNDA:1,_RNvNtNtNtCslaHvyqE5Xlf_6crabby6errors13fitting_error5testss_30test_from_matrix_inverse_error
FNDA:1,_RNvNtNtNtCslaHvyqE5Xlf_6crabby6errors13fitting_error5testss_27test_from_dot_product_error
FNDA:1,_RNvNtNtNtCslaHvyqE5Xlf_6crabby6errors13fitting_error5testss_34test_from_dimension_mismatch_error
FNDA:1,_RNvNtNtNtCslaHvyqE5Xlf_6crabby6errors13fitting_error5testss_32test_from_operation_failed_error
FNDA:1,_RNvNtNtNtCslaHvyqE5Xlf_6crabby6errors13fitting_error5testss_22test_from_lapack_error
FNDA:1,_RNvNtNtNtCslaHvyqE5Xlf_6crabby6errors13fitting_error5testss_47test_display_qr_decomposition_calculation_error
FNDA:1,_RNvNtNtNtCslaHvyqE5Xlf_6crabby6errors13fitting_error5testss_28test_display_model_fit_error
FNDA:2,_RNvXNtNtCslaHvyqE5Xlf_6crabby6errors13fitting_errorNtB2_12FittingErrorNtNtCs5cYH0lLSdLc_4core3fmt7Display3fmt
FNDA:6,_RNvXs_NtNtCslaHvyqE5Xlf_6crabby6errors13fitting_errorNtB4_12FittingErrorINtNtCs5cYH0lLSdLc_4core7convert4FromNtNtB6_20linear_algebra_error18LinearAlgebraErrorE4from
FNF:10
FNH:10
DA:11,2
DA:12,2
DA:14,1
DA:16,1
DA:18,2
DA:22,6
DA:23,6
DA:24,1
DA:25,1
DA:27,1
DA:28,1
DA:29,1
DA:30,1
DA:31,1
DA:33,6
DA:42,1
DA:43,1
DA:44,1
DA:45,1
DA:46,1
DA:47,1
DA:48,1
DA:51,1
DA:52,1
DA:53,1
DA:54,1
DA:55,1
DA:56,1
DA:59,1
DA:60,1
DA:61,1
DA:62,1
DA:63,1
DA:64,1
DA:67,1
DA:68,1
DA:69,1
DA:70,1
DA:71,1
DA:72,1
DA:73,1
DA:76,1
DA:77,1
DA:78,1
DA:79,1
DA:80,1
DA:81,1
DA:84,1
DA:85,1
DA:86,1
DA:87,1
DA:88,1
DA:89,1
DA:92,1
DA:93,1
DA:94,1
DA:95,1
DA:96,1
DA:97,1
DA:98,1
DA:101,1
DA:102,1
DA:103,1
DA:104,1
BRF:0
BRH:0
LF:64
LH:64
end_of_record
SF:/home/andy/dev/rewrite-r/weaver/src/errors/linear_algebra_error.rs
FN:14,_RNvXNtNtCslaHvyqE5Xlf_6crabby6errors20linear_algebra_errorNtB2_18LinearAlgebraErrorNtNtCs5cYH0lLSdLc_4core3fmt7Display3fmt
FN:39,_RNvNtNtNtCslaHvyqE5Xlf_6crabby6errors20linear_algebra_error5testss_35test_qr_decomposition_error_display
FN:49,_RNvNtNtNtCslaHvyqE5Xlf_6crabby6errors20linear_algebra_error5testss_33test_matrix_inverse_error_display
FN:58,_RNvNtNtNtCslaHvyqE5Xlf_6crabby6errors20linear_algebra_error5testss_30test_dot_product_error_display
FN:68,_RNvNtNtNtCslaHvyqE5Xlf_6crabby6errors20linear_algebra_error5testss_37test_dimension_mismatch_error_display
FN:79,_RNvNtNtNtCslaHvyqE5Xlf_6crabby6errors20linear_algebra_error5testss_35test_operation_failed_error_display
FN:90,_RNvNtNtNtCslaHvyqE5Xlf_6crabby6errors20linear_algebra_error5testss_25test_lapack_error_display
FNDA:6,_RNvXNtNtCslaHvyqE5Xlf_6crabby6errors20linear_algebra_errorNtB2_18LinearAlgebraErrorNtNtCs5cYH0lLSdLc_4core3fmt7Display3fmt
FNDA:1,_RNvNtNtNtCslaHvyqE5Xlf_6crabby6errors20linear_algebra_error5testss_35test_qr_decomposition_error_display
FNDA:1,_RNvNtNtNtCslaHvyqE5Xlf_6crabby6errors20linear_algebra_error5testss_33test_matrix_inverse_error_display
FNDA:1,_RNvNtNtNtCslaHvyqE5Xlf_6crabby6errors20linear_algebra_error5testss_30test_dot_product_error_display
FNDA:1,_RNvNtNtNtCslaHvyqE5Xlf_6crabby6errors20linear_algebra_error5testss_37test_dimension_mismatch_error_display
FNDA:1,_RNvNtNtNtCslaHvyqE5Xlf_6crabby6errors20linear_algebra_error5testss_35test_operation_failed_error_display
FNDA:1,_RNvNtNtNtCslaHvyqE5Xlf_6crabby6errors20linear_algebra_error5testss_25test_lapack_error_display
FNF:7
FNH:7
DA:14,6
DA:15,6
DA:16,1
DA:17,1
DA:19,1
DA:20,1
DA:22,1
DA:23,1
DA:24,1
DA:26,1
DA:27,1
DA:29,1
DA:31,6
DA:39,1
DA:40,1
DA:41,1
DA:42,1
DA:43,1
DA:44,1
DA:45,1
DA:46,1
DA:49,1
DA:50,1
DA:51,1
DA:52,1
DA:53,1
DA:54,1
DA:55,1
DA:58,1
DA:59,1
DA:60,1
DA:61,1
DA:62,1
DA:63,1
DA:64,1
DA:65,1
DA:68,1
DA:69,1
DA:70,1
DA:71,1
DA:72,1
DA:73,1
DA:74,1
DA:75,1
DA:76,1
DA:79,1
DA:80,1
DA:81,1
DA:82,1
DA:83,1
DA:84,1
DA:85,1
DA:86,1
DA:87,1
DA:90,1
DA:91,1
DA:92,1
DA:93,1
BRF:0
BRH:0
LF:58
LH:58
end_of_record
SF:/home/andy/dev/rewrite-r/weaver/src/errors/model_error.rs
FN:15,_RNvXNtNtCslaHvyqE5Xlf_6crabby6errors11model_errorNtB2_10ModelErrorNtNtCs5cYH0lLSdLc_4core3fmt7Display3fmt
FN:26,_RNvXs_NtNtCslaHvyqE5Xlf_6crabby6errors11model_errorNtB4_10ModelErrorINtNtCs5cYH0lLSdLc_4core7convert4FromNtNtB6_13fitting_error12FittingErrorE4from
FN:37,_RNvXs0_NtNtCslaHvyqE5Xlf_6crabby6errors11model_errorNtB5_10ModelErrorINtNtCs5cYH0lLSdLc_4core7convert4FromNtNtB7_20linear_algebra_error18LinearAlgebraErrorE4from
FN:66,_RNvNtNtNtCslaHvyqE5Xlf_6crabby6errors11model_error5testss_24test_model_error_display
FN:87,_RNvNtNtNtCslaHvyqE5Xlf_6crabby6errors11model_error5testss_35test_model_error_from_fitting_error
FN:101,_RNvNtNtNtCslaHvyqE5Xlf_6crabby6errors11model_error5testss_62test_model_error_from_linear_algebra_error_via_qr_deomposition
FN:111,_RNvNtNtNtCslaHvyqE5Xlf_6crabby6errors11model_error5testss_63test_model_error_from_linear_algebra_error_via_matrix_inversion
FN:121,_RNvNtNtNtCslaHvyqE5Xlf_6crabby6errors11model_error5testss_58test_model_error_from_linear_algebra_error_via_dot_product
FN:128,_RNvNtNtNtCslaHvyqE5Xlf_6crabby6errors11model_error5testss_65test_model_error_from_linear_algebra_error_via_dimension_mismatch
FN:138,_RNvNtNtNtCslaHvyqE5Xlf_6crabby6errors11model_error5testss_63test_model_error_from_linear_algebra_error_via_operation_failed
FN:148,_RNvNtNtNtCslaHvyqE5Xlf_6crabby6errors11model_error5testss_59test_model_error_from_linear_algebra_error_via_lapack_error
FNDA:12,_RNvXNtNtCslaHvyqE5Xlf_6crabby6errors11model_errorNtB2_10ModelErrorNtNtCs5cYH0lLSdLc_4core3fmt7Display3fmt
FNDA:2,_RNvXs_NtNtCslaHvyqE5Xlf_6crabby6errors11model_errorNtB4_10ModelErrorINtNtCs5cYH0lLSdLc_4core7convert4FromNtNtB6_13fitting_error12FittingErrorE4from
FNDA:6,_RNvXs0_NtNtCslaHvyqE5Xlf_6crabby6errors11model_errorNtB5_10ModelErrorINtNtCs5cYH0lLSdLc_4core7convert4FromNtNtB7_20linear_algebra_error18LinearAlgebraErrorE4from
FNDA:1,_RNvNtNtNtCslaHvyqE5Xlf_6crabby6errors11model_error5testss_24test_model_error_display
FNDA:1,_RNvNtNtNtCslaHvyqE5Xlf_6crabby6errors11model_error5testss_35test_model_error_from_fitting_error
FNDA:1,_RNvNtNtNtCslaHvyqE5Xlf_6crabby6errors11model_error5testss_62test_model_error_from_linear_algebra_error_via_qr_deomposition
FNDA:1,_RNvNtNtNtCslaHvyqE5Xlf_6crabby6errors11model_error5testss_63test_model_error_from_linear_algebra_error_via_matrix_inversion
FNDA:1,_RNvNtNtNtCslaHvyqE5Xlf_6crabby6errors11model_error5testss_58test_model_error_from_linear_algebra_error_via_dot_product
FNDA:1,_RNvNtNtNtCslaHvyqE5Xlf_6crabby6errors11model_error5testss_65test_model_error_from_linear_algebra_error_via_dimension_mismatch
FNDA:1,_RNvNtNtNtCslaHvyqE5Xlf_6crabby6errors11model_error5testss_63test_model_error_from_linear_algebra_error_via_operation_failed
FNDA:1,_RNvNtNtNtCslaHvyqE5Xlf_6crabby6errors11model_error5testss_59test_model_error_from_linear_algebra_error_via_lapack_error
FNF:11
FNH:11
DA:15,12
DA:16,12
DA:17,1
DA:18,9
DA:19,1
DA:20,1
DA:22,12
DA:26,2
DA:27,2
DA:29,1
DA:31,1
DA:33,2
DA:37,6
DA:38,6
DA:39,1
DA:40,1
DA:42,1
DA:43,1
DA:45,1
DA:46,1
DA:48,1
DA:49,1
DA:51,1
DA:52,1
DA:54,1
DA:55,1
DA:58,6
DA:66,1
DA:67,1
DA:68,1
DA:70,1
DA:71,1
DA:73,1
DA:74,1
DA:75,1
DA:76,1
DA:77,1
DA:79,1
DA:80,1
DA:81,1
DA:82,1
DA:83,1
DA:84,1
DA:87,1
DA:88,1
DA:89,1
DA:90,1
DA:91,1
DA:92,1
DA:93,1
DA:95,1
DA:96,1
DA:97,1
DA:98,1
DA:101,1
DA:102,1
DA:103,1
DA:104,1
DA:105,1
DA:106,1
DA:107,1
DA:108,1
DA:111,1
DA:112,1
DA:113,1
DA:114,1
DA:115,1
DA:116,1
DA:117,1
DA:118,1
DA:121,1
DA:122,1
DA:123,1
DA:124,1
DA:125,1
DA:128,1
DA:129,1
DA:130,1
DA:131,1
DA:132,1
DA:133,1
DA:134,1
DA:135,1
DA:138,1
DA:139,1
DA:140,1
DA:141,1
DA:142,1
DA:143,1
DA:144,1
DA:145,1
DA:148,1
DA:149,1
DA:150,1
DA:151,1
DA:152,1
BRF:0
BRH:0
LF:96
LH:96
end_of_record
SF:/home/andy/dev/rewrite-r/weaver/src/main.rs
FN:1,_RNvCsk23iyMpZnKW_6crabby4main
FNDA:0,_RNvCsk23iyMpZnKW_6crabby4main
FNF:1
FNH:0
DA:1,0
DA:2,0
DA:3,0
BRF:0
BRH:0
LF:3
LH:0
end_of_record
SF:/home/andy/dev/rewrite-r/weaver/src/matrix_ops/blas_transpose_flag.rs
FN:10,_RNvMNtNtCslaHvyqE5Xlf_6crabby10matrix_ops19blas_transpose_flagNtB2_17BlasTransposeFlag12to_blas_char
FN:25,_RNvNtNtNtCslaHvyqE5Xlf_6crabby10matrix_ops19blas_transpose_flag4tests_24test_blas_transpose_char
FN:31,_RNvNtNtNtCslaHvyqE5Xlf_6crabby10matrix_ops19blas_transpose_flag4tests_34test_blas_conjugate_transpose_char
FNDA:15,_RNvMNtNtCslaHvyqE5Xlf_6crabby10matrix_ops19blas_transpose_flagNtB2_17BlasTransposeFlag12to_blas_char
FNDA:1,_RNvNtNtNtCslaHvyqE5Xlf_6crabby10matrix_ops19blas_transpose_flag4tests_24test_blas_transpose_char
FNDA:1,_RNvNtNtNtCslaHvyqE5Xlf_6crabby10matrix_ops19blas_transpose_flag4tests_34test_blas_conjugate_transpose_char
FNF:3
FNH:3
DA:10,15
DA:11,15
DA:12,13
DA:13,1
DA:14,1
DA:16,15
DA:25,1
DA:26,1
DA:27,1
DA:28,1
DA:31,1
DA:32,1
DA:33,1
DA:34,1
BRF:0
BRH:0
LF:14
LH:14
end_of_record
SF:/home/andy/dev/rewrite-r/weaver/src/matrix_ops/least_squares_solver.rs
FN:12,_RNvNtNtCslaHvyqE5Xlf_6crabby10matrix_ops20least_squares_solver19solve_least_squares
FN:33,_RNvMNtNtCslaHvyqE5Xlf_6crabby10matrix_ops20least_squares_solverNtB2_18LeastSquaresSolver3new
FN:63,_RNvMNtNtCslaHvyqE5Xlf_6crabby10matrix_ops20least_squares_solverNtB2_18LeastSquaresSolver25validate_input_dimensions
FN:73,_RNvMNtNtCslaHvyqE5Xlf_6crabby10matrix_ops20least_squares_solverNtB2_18LeastSquaresSolver28query_optimal_workspace_size
FN:105,_RNvMNtNtCslaHvyqE5Xlf_6crabby10matrix_ops20least_squares_solverNtB2_18LeastSquaresSolver21perform_least_squares
FN:133,_RNvMNtNtCslaHvyqE5Xlf_6crabby10matrix_ops20least_squares_solverNtB2_18LeastSquaresSolver16extract_solution
FN:156,_RNvNtNtNtCslaHvyqE5Xlf_6crabby10matrix_ops20least_squares_solver5tests18create_real_matrix
FN:161,_RNvNtNtNtCslaHvyqE5Xlf_6crabby10matrix_ops20least_squares_solver5testss_40test_least_squares_solver_initialization
FN:171,_RNvNtNtNtCslaHvyqE5Xlf_6crabby10matrix_ops20least_squares_solver5testss_24test_solve_least_squares
FN:180,_RNvNtNtNtCslaHvyqE5Xlf_6crabby10matrix_ops20least_squares_solver5testss_39test_solve_least_squares_overdetermined
FN:208,_RNvNtNtNtCslaHvyqE5Xlf_6crabby10matrix_ops20least_squares_solver5testss_41test_validate_input_dimensions_error_case
FNDA:6,_RNvNtNtCslaHvyqE5Xlf_6crabby10matrix_ops20least_squares_solver19solve_least_squares
FNDA:8,_RNvMNtNtCslaHvyqE5Xlf_6crabby10matrix_ops20least_squares_solverNtB2_18LeastSquaresSolver3new
FNDA:8,_RNvMNtNtCslaHvyqE5Xlf_6crabby10matrix_ops20least_squares_solverNtB2_18LeastSquaresSolver25validate_input_dimensions
FNDA:7,_RNvMNtNtCslaHvyqE5Xlf_6crabby10matrix_ops20least_squares_solverNtB2_18LeastSquaresSolver28query_optimal_workspace_size
FNDA:6,_RNvMNtNtCslaHvyqE5Xlf_6crabby10matrix_ops20least_squares_solverNtB2_18LeastSquaresSolver21perform_least_squares
FNDA:6,_RNvMNtNtCslaHvyqE5Xlf_6crabby10matrix_ops20least_squares_solverNtB2_18LeastSquaresSolver16extract_solution
FNDA:9,_RNvNtNtNtCslaHvyqE5Xlf_6crabby10matrix_ops20least_squares_solver5tests18create_real_matrix
FNDA:1,_RNvNtNtNtCslaHvyqE5Xlf_6crabby10matrix_ops20least_squares_solver5testss_40test_least_squares_solver_initialization
FNDA:1,_RNvNtNtNtCslaHvyqE5Xlf_6crabby10matrix_ops20least_squares_solver5testss_24test_solve_least_squares
FNDA:1,_RNvNtNtNtCslaHvyqE5Xlf_6crabby10matrix_ops20least_squares_solver5testss_39test_solve_least_squares_overdetermined
FNDA:1,_RNvNtNtNtCslaHvyqE5Xlf_6crabby10matrix_ops20least_squares_solver5testss_41test_validate_input_dimensions_error_case
FNF:11
FNH:11
DA:12,6
DA:13,6
DA:14,6
DA:15,6
DA:16,6
DA:33,8
DA:34,8
DA:35,8
DA:36,8
DA:37,8
DA:38,8
DA:39,8
DA:40,8
DA:41,8
DA:42,8
DA:43,8
DA:44,8
DA:45,8
DA:46,8
DA:47,8
DA:48,8
DA:49,8
DA:50,8
DA:51,8
DA:52,8
DA:53,8
DA:54,8
DA:55,8
DA:56,8
DA:57,7
DA:59,7
DA:60,8
DA:63,8
DA:64,8
DA:65,1
DA:66,1
DA:67,1
DA:68,7
DA:69,7
DA:70,8
DA:73,7
DA:74,7
DA:75,7
DA:76,7
DA:77,7
DA:78,7
DA:79,7
DA:80,7
DA:81,7
DA:82,7
DA:83,7
DA:84,7
DA:85,7
DA:86,7
DA:87,7
DA:88,7
DA:89,7
DA:90,7
DA:91,7
DA:92,7
DA:93,7
DA:94,7
DA:95,0
DA:96,0
DA:97,0
DA:98,7
DA:99,7
DA:100,7
DA:101,7
DA:102,7
DA:105,6
DA:106,6
DA:107,6
DA:108,6
DA:109,6
DA:110,6
DA:111,6
DA:112,6
DA:113,6
DA:114,6
DA:115,6
DA:116,6
DA:117,6
DA:118,6
DA:119,6
DA:120,6
DA:121,6
DA:122,6
DA:123,6
DA:124,0
DA:125,0
DA:126,0
DA:127,0
DA:128,6
DA:129,6
DA:130,6
DA:133,6
DA:134,6
DA:135,6
DA:136,6
DA:137,6
DA:138,6
DA:139,6
DA:140,6
DA:141,6
DA:142,6
DA:143,6
DA:144,6
DA:156,9
DA:157,9
DA:158,9
DA:161,1
DA:162,1
DA:163,1
DA:164,1
DA:165,1
DA:166,1
DA:167,1
DA:168,1
DA:171,1
DA:172,1
DA:173,1
DA:174,1
DA:175,1
DA:176,1
DA:177,1
DA:180,1
DA:181,1
DA:182,1
DA:183,1
DA:184,1
DA:185,1
DA:186,1
DA:187,1
DA:188,1
DA:189,1
DA:190,1
DA:191,1
DA:192,1
DA:193,1
DA:194,1
DA:195,1
DA:196,1
DA:197,1
DA:198,1
DA:199,1
DA:200,1
DA:201,1
DA:202,1
DA:203,1
DA:204,1
DA:205,1
DA:208,1
DA:209,1
DA:210,1
DA:211,1
DA:212,1
DA:213,1
DA:214,1
BRF:0
BRH:0
LF:159
LH:152
end_of_record
SF:/home/andy/dev/rewrite-r/weaver/src/matrix_ops/matrix_inverter.rs
FN:32,_RNvNtNtCslaHvyqE5Xlf_6crabby10matrix_ops15matrix_inverter13invert_matrix
FN:56,_RNvMNtNtCslaHvyqE5Xlf_6crabby10matrix_ops15matrix_inverterNtB2_14MatrixInverter3new
FN:80,_RNvMNtNtCslaHvyqE5Xlf_6crabby10matrix_ops15matrix_inverterNtB2_14MatrixInverter24perform_lu_factorization
FN:90,_RNvMNtNtCslaHvyqE5Xlf_6crabby10matrix_ops15matrix_inverterNtB2_14MatrixInverter24perform_matrix_inversion
FN:98,_RNvMNtNtCslaHvyqE5Xlf_6crabby10matrix_ops15matrix_inverterNtB2_14MatrixInverter11call_dgetrf
FN:125,_RNvMNtNtCslaHvyqE5Xlf_6crabby10matrix_ops15matrix_inverterNtB2_14MatrixInverter11call_dgetri
FN:156,_RNvMNtNtCslaHvyqE5Xlf_6crabby10matrix_ops15matrix_inverterNtB2_14MatrixInverter36validate_dimensions_of_result_matrix
FN:166,_RNvMNtNtCslaHvyqE5Xlf_6crabby10matrix_ops15matrix_inverterNtB2_14MatrixInverter20allocate_pivot_array
FN:171,_RNvMNtNtCslaHvyqE5Xlf_6crabby10matrix_ops15matrix_inverterNtB2_14MatrixInverter19allocate_work_array
FN:182,_RNvNtNtNtCslaHvyqE5Xlf_6crabby10matrix_ops15matrix_inverter5testss_37test_matrix_inverter_initialization_n
FN:189,_RNvNtNtNtCslaHvyqE5Xlf_6crabby10matrix_ops15matrix_inverter5testss_39test_matrix_inverter_initialization_lda
FN:196,_RNvNtNtNtCslaHvyqE5Xlf_6crabby10matrix_ops15matrix_inverter5testss_40test_matrix_inverter_initialization_ipiv
FN:203,_RNvNtNtNtCslaHvyqE5Xlf_6crabby10matrix_ops15matrix_inverter5testss_40test_matrix_inverter_initialization_work
FN:210,_RNvNtNtNtCslaHvyqE5Xlf_6crabby10matrix_ops15matrix_inverter5testss_41test_matrix_inverter_allocate_pivot_array
FN:216,_RNvNtNtNtCslaHvyqE5Xlf_6crabby10matrix_ops15matrix_inverter5testss_40test_matrix_inverter_allocate_work_array
FN:222,_RNvNtNtNtCslaHvyqE5Xlf_6crabby10matrix_ops15matrix_inverter5testss_18test_invert_matrix
FN:230,_RNvNtNtNtCslaHvyqE5Xlf_6crabby10matrix_ops15matrix_inverter5testss_31test_more_complex_3_by_3_matrix
FN:253,_RNvNtNtNtCslaHvyqE5Xlf_6crabby10matrix_ops15matrix_inverter5testss_36test_invert_matrix_non_square_matrix
FN:260,_RNvNtNtNtCslaHvyqE5Xlf_6crabby10matrix_ops15matrix_inverter5testss_43test_invert_matrix_lu_factorization_failure
FN:271,_RNvNtNtNtCslaHvyqE5Xlf_6crabby10matrix_ops15matrix_inverter5testss_43test_invert_matrix_matrix_inversion_failure
FN:281,_RNvNtNtNtCslaHvyqE5Xlf_6crabby10matrix_ops15matrix_inverter5testss_49test_validate_dimensions_of_result_matrix_when_ok
FN:289,_RNvNtNtNtCslaHvyqE5Xlf_6crabby10matrix_ops15matrix_inverter5testss_53test_validate_dimensions_of_result_matrix_when_not_ok
FNDA:4,_RNvNtNtCslaHvyqE5Xlf_6crabby10matrix_ops15matrix_inverter13invert_matrix
FNDA:12,_RNvMNtNtCslaHvyqE5Xlf_6crabby10matrix_ops15matrix_inverterNtB2_14MatrixInverter3new
FNDA:3,_RNvMNtNtCslaHvyqE5Xlf_6crabby10matrix_ops15matrix_inverterNtB2_14MatrixInverter24perform_lu_factorization
FNDA:3,_RNvMNtNtCslaHvyqE5Xlf_6crabby10matrix_ops15matrix_inverterNtB2_14MatrixInverter24perform_matrix_inversion
FNDA:4,_RNvMNtNtCslaHvyqE5Xlf_6crabby10matrix_ops15matrix_inverterNtB2_14MatrixInverter11call_dgetrf
FNDA:4,_RNvMNtNtCslaHvyqE5Xlf_6crabby10matrix_ops15matrix_inverterNtB2_14MatrixInverter11call_dgetri
FNDA:5,_RNvMNtNtCslaHvyqE5Xlf_6crabby10matrix_ops15matrix_inverterNtB2_14MatrixInverter36validate_dimensions_of_result_matrix
FNDA:13,_RNvMNtNtCslaHvyqE5Xlf_6crabby10matrix_ops15matrix_inverterNtB2_14MatrixInverter20allocate_pivot_array
FNDA:13,_RNvMNtNtCslaHvyqE5Xlf_6crabby10matrix_ops15matrix_inverterNtB2_14MatrixInverter19allocate_work_array
FNDA:1,_RNvNtNtNtCslaHvyqE5Xlf_6crabby10matrix_ops15matrix_inverter5testss_37test_matrix_inverter_initialization_n
FNDA:1,_RNvNtNtNtCslaHvyqE5Xlf_6crabby10matrix_ops15matrix_inverter5testss_39test_matrix_inverter_initialization_lda
FNDA:1,_RNvNtNtNtCslaHvyqE5Xlf_6crabby10matrix_ops15matrix_inverter5testss_40test_matrix_inverter_initialization_ipiv
FNDA:1,_RNvNtNtNtCslaHvyqE5Xlf_6crabby10matrix_ops15matrix_inverter5testss_40test_matrix_inverter_initialization_work
FNDA:1,_RNvNtNtNtCslaHvyqE5Xlf_6crabby10matrix_ops15matrix_inverter5testss_41test_matrix_inverter_allocate_pivot_array
FNDA:1,_RNvNtNtNtCslaHvyqE5Xlf_6crabby10matrix_ops15matrix_inverter5testss_40test_matrix_inverter_allocate_work_array
FNDA:1,_RNvNtNtNtCslaHvyqE5Xlf_6crabby10matrix_ops15matrix_inverter5testss_18test_invert_matrix
FNDA:1,_RNvNtNtNtCslaHvyqE5Xlf_6crabby10matrix_ops15matrix_inverter5testss_31test_more_complex_3_by_3_matrix
FNDA:1,_RNvNtNtNtCslaHvyqE5Xlf_6crabby10matrix_ops15matrix_inverter5testss_36test_invert_matrix_non_square_matrix
FNDA:1,_RNvNtNtNtCslaHvyqE5Xlf_6crabby10matrix_ops15matrix_inverter5testss_43test_invert_matrix_lu_factorization_failure
FNDA:1,_RNvNtNtNtCslaHvyqE5Xlf_6crabby10matrix_ops15matrix_inverter5testss_43test_invert_matrix_matrix_inversion_failure
FNDA:1,_RNvNtNtNtCslaHvyqE5Xlf_6crabby10matrix_ops15matrix_inverter5testss_49test_validate_dimensions_of_result_matrix_when_ok
FNDA:1,_RNvNtNtNtCslaHvyqE5Xlf_6crabby10matrix_ops15matrix_inverter5testss_53test_validate_dimensions_of_result_matrix_when_not_ok
FNF:22
FNH:22
DA:32,4
DA:33,4
DA:34,4
DA:35,4
DA:36,4
DA:37,3
DA:38,3
DA:56,12
DA:57,12
DA:58,12
DA:59,12
DA:60,12
DA:61,12
DA:62,12
DA:63,12
DA:64,12
DA:65,1
DA:66,11
DA:67,11
DA:68,11
DA:69,11
DA:70,11
DA:71,11
DA:72,11
DA:73,11
DA:74,11
DA:75,11
DA:80,3
DA:81,3
DA:82,3
DA:85,3
DA:86,3
DA:90,3
DA:91,3
DA:92,3
DA:94,3
DA:95,3
DA:98,4
DA:99,4
DA:100,4
DA:101,4
DA:102,4
DA:103,4
DA:104,4
DA:105,4
DA:106,4
DA:107,4
DA:108,4
DA:109,4
DA:110,4
DA:111,4
DA:112,1
DA:113,1
DA:114,1
DA:115,3
DA:116,3
DA:117,3
DA:118,3
DA:119,3
DA:120,3
DA:121,3
DA:122,4
DA:125,4
DA:126,4
DA:127,4
DA:128,4
DA:129,4
DA:130,4
DA:131,4
DA:132,4
DA:133,4
DA:134,4
DA:135,4
DA:136,4
DA:137,4
DA:138,4
DA:139,4
DA:140,4
DA:141,4
DA:142,4
DA:143,4
DA:144,4
DA:145,4
DA:146,4
DA:147,4
DA:148,1
DA:149,1
DA:150,1
DA:151,3
DA:152,3
DA:153,4
DA:156,5
DA:157,5
DA:158,1
DA:159,1
DA:160,1
DA:161,4
DA:162,4
DA:163,5
DA:166,13
DA:167,13
DA:168,13
DA:171,13
DA:172,13
DA:173,13
DA:182,1
DA:183,1
DA:184,1
DA:185,1
DA:186,1
DA:189,1
DA:190,1
DA:191,1
DA:192,1
DA:193,1
DA:196,1
DA:197,1
DA:198,1
DA:199,1
DA:200,1
DA:203,1
DA:204,1
DA:205,1
DA:206,1
DA:207,1
DA:210,1
DA:211,1
DA:212,1
DA:213,1
DA:216,1
DA:217,1
DA:218,1
DA:219,1
DA:222,1
DA:223,1
DA:224,1
DA:225,1
DA:226,1
DA:227,1
DA:230,1
DA:231,1
DA:232,1
DA:233,1
DA:234,1
DA:235,1
DA:236,1
DA:237,1
DA:238,1
DA:239,1
DA:240,1
DA:241,1
DA:244,4
DA:245,12
DA:246,9
DA:249,1
DA:253,1
DA:254,1
DA:255,1
DA:256,1
DA:260,1
DA:261,1
DA:262,1
DA:263,1
DA:264,1
DA:265,1
DA:266,1
DA:267,1
DA:271,1
DA:272,1
DA:273,1
DA:274,1
DA:275,1
DA:276,1
DA:277,1
DA:278,1
DA:281,1
DA:282,1
DA:283,1
DA:284,1
DA:285,1
DA:286,1
DA:289,1
DA:290,1
DA:291,1
DA:292,1
DA:293,1
DA:294,1
DA:295,1
BRF:0
BRH:0
LF:188
LH:188
end_of_record
SF:/home/andy/dev/rewrite-r/weaver/src/matrix_ops/matrix_multiplier.rs
FN:64,_RNvNtNtNtCslaHvyqE5Xlf_6crabby10matrix_ops17matrix_multiplier4tests_36test_can_use_public_exposed_function
FN:78,_RNvNtNtNtCslaHvyqE5Xlf_6crabby10matrix_ops17matrix_multiplier4tests_31test_can_make_matrix_multiplier
FN:92,_RNvNtNtNtCslaHvyqE5Xlf_6crabby10matrix_ops17matrix_multiplier4tests_38test_matrix_multiplier_multiply_method
FN:105,_RNvNtNtNtCslaHvyqE5Xlf_6crabby10matrix_ops17matrix_multiplier4tests_51test_multiplying_matrices_with_different_dimensions
FN:119,_RNvNtNtNtCslaHvyqE5Xlf_6crabby10matrix_ops17matrix_multiplier4tests_54test_multiplying_matrices_with_incompatible_dimensions
FN:3,_RNvNtNtCslaHvyqE5Xlf_6crabby10matrix_ops17matrix_multiplier17multiply_matrices
FN:24,_RNvMNtNtCslaHvyqE5Xlf_6crabby10matrix_ops17matrix_multiplierNtB2_16MatrixMultiplier3new
FN:34,_RNvMNtNtCslaHvyqE5Xlf_6crabby10matrix_ops17matrix_multiplierNtB2_16MatrixMultiplier22has_dimension_mismatch
FN:38,_RNvMNtNtCslaHvyqE5Xlf_6crabby10matrix_ops17matrix_multiplierNtB2_16MatrixMultiplier8multiply
FNDA:1,_RNvNtNtNtCslaHvyqE5Xlf_6crabby10matrix_ops17matrix_multiplier4tests_36test_can_use_public_exposed_function
FNDA:1,_RNvNtNtNtCslaHvyqE5Xlf_6crabby10matrix_ops17matrix_multiplier4tests_31test_can_make_matrix_multiplier
FNDA:1,_RNvNtNtNtCslaHvyqE5Xlf_6crabby10matrix_ops17matrix_multiplier4tests_38test_matrix_multiplier_multiply_method
FNDA:1,_RNvNtNtNtCslaHvyqE5Xlf_6crabby10matrix_ops17matrix_multiplier4tests_51test_multiplying_matrices_with_different_dimensions
FNDA:1,_RNvNtNtNtCslaHvyqE5Xlf_6crabby10matrix_ops17matrix_multiplier4tests_54test_multiplying_matrices_with_incompatible_dimensions
FNDA:3,_RNvNtNtCslaHvyqE5Xlf_6crabby10matrix_ops17matrix_multiplier17multiply_matrices
FNDA:6,_RNvMNtNtCslaHvyqE5Xlf_6crabby10matrix_ops17matrix_multiplierNtB2_16MatrixMultiplier3new
FNDA:8,_RNvMNtNtCslaHvyqE5Xlf_6crabby10matrix_ops17matrix_multiplierNtB2_16MatrixMultiplier22has_dimension_mismatch
FNDA:5,_RNvMNtNtCslaHvyqE5Xlf_6crabby10matrix_ops17matrix_multiplierNtB2_16MatrixMultiplier8multiply
FNF:9
FNH:9
DA:3,3
DA:4,3
DA:5,3
DA:6,3
DA:7,3
DA:8,3
DA:9,3
DA:10,0
DA:11,3
DA:12,3
DA:13,3
DA:24,6
DA:25,6
DA:26,6
DA:27,6
DA:28,6
DA:29,6
DA:30,6
DA:31,6
DA:32,6
DA:34,8
DA:35,8
DA:36,8
DA:38,5
DA:39,5
DA:40,1
DA:41,4
DA:42,4
DA:43,4
DA:44,8
DA:45,16
DA:46,36
DA:47,36
DA:48,36
DA:49,36
DA:50,36
DA:54,4
DA:55,4
DA:64,1
DA:65,1
DA:66,1
DA:67,1
DA:68,1
DA:69,1
DA:70,1
DA:71,1
DA:72,1
DA:73,1
DA:74,1
DA:75,1
DA:78,1
DA:79,1
DA:80,1
DA:81,1
DA:82,1
DA:83,1
DA:84,1
DA:85,1
DA:87,1
DA:88,1
DA:89,1
DA:92,1
DA:93,1
DA:94,1
DA:95,1
DA:96,1
DA:97,1
DA:98,1
DA:99,1
DA:100,1
DA:101,1
DA:102,1
DA:105,1
DA:106,1
DA:107,1
DA:108,1
DA:109,1
DA:110,1
DA:111,1
DA:112,1
DA:113,1
DA:114,1
DA:115,1
DA:119,1
DA:120,1
DA:121,1
DA:122,1
DA:123,1
DA:124,1
DA:125,1
DA:126,1
DA:127,1
DA:128,1
BRF:0
BRH:0
LF:93
LH:92
end_of_record
SF:/home/andy/dev/rewrite-r/weaver/src/plugins/fitters/least_squares_fitter/least_squares_qr_decomposition.rs
FN:11,_RNvMNtNtNtNtCslaHvyqE5Xlf_6crabby7plugins7fitters20least_squares_fitter30least_squares_qr_decompositionNtB2_33LeastSquaresQrDecompositionFitter3new
FN:18,_RNvMNtNtNtNtCslaHvyqE5Xlf_6crabby7plugins7fitters20least_squares_fitter30least_squares_qr_decompositionNtB2_33LeastSquaresQrDecompositionFitter14get_parameters
FN:22,_RNvMNtNtNtNtCslaHvyqE5Xlf_6crabby7plugins7fitters20least_squares_fitter30least_squares_qr_decompositionNtB2_33LeastSquaresQrDecompositionFitter14set_parameters
FN:29,_RNvXs_NtNtNtNtCslaHvyqE5Xlf_6crabby7plugins7fitters20least_squares_fitter30least_squares_qr_decompositionNtB4_33LeastSquaresQrDecompositionFitterNtNtNtBc_6traits6fitter6Fitter3fit
FN:49,_RNvNtNtNtNtNtCslaHvyqE5Xlf_6crabby7plugins7fitters20least_squares_fitter30least_squares_qr_decomposition5testss_42test_least_squares_qr_decomposition_fitter
FN:64,_RNvNtNtNtNtNtCslaHvyqE5Xlf_6crabby7plugins7fitters20least_squares_fitter30least_squares_qr_decomposition5testss_50test_least_squares_qr_decomposition_get_parameters
FNDA:5,_RNvMNtNtNtNtCslaHvyqE5Xlf_6crabby7plugins7fitters20least_squares_fitter30least_squares_qr_decompositionNtB2_33LeastSquaresQrDecompositionFitter3new
FNDA:2,_RNvMNtNtNtNtCslaHvyqE5Xlf_6crabby7plugins7fitters20least_squares_fitter30least_squares_qr_decompositionNtB2_33LeastSquaresQrDecompositionFitter14get_parameters
FNDA:4,_RNvMNtNtNtNtCslaHvyqE5Xlf_6crabby7plugins7fitters20least_squares_fitter30least_squares_qr_decompositionNtB2_33LeastSquaresQrDecompositionFitter14set_parameters
FNDA:4,_RNvXs_NtNtNtNtCslaHvyqE5Xlf_6crabby7plugins7fitters20least_squares_fitter30least_squares_qr_decompositionNtB4_33LeastSquaresQrDecompositionFitterNtNtNtBc_6traits6fitter6Fitter3fit
FNDA:1,_RNvNtNtNtNtNtCslaHvyqE5Xlf_6crabby7plugins7fitters20least_squares_fitter30least_squares_qr_decomposition5testss_42test_least_squares_qr_decomposition_fitter
FNDA:1,_RNvNtNtNtNtNtCslaHvyqE5Xlf_6crabby7plugins7fitters20least_squares_fitter30least_squares_qr_decomposition5testss_50test_least_squares_qr_decomposition_get_parameters
FNF:6
FNH:6
DA:11,5
DA:12,5
DA:13,5
DA:14,5
DA:15,5
DA:16,5
DA:18,2
DA:19,2
DA:20,2
DA:22,4
DA:23,4
DA:24,4
DA:25,4
DA:29,4
DA:30,4
DA:31,4
DA:33,4
DA:35,4
DA:36,4
DA:37,4
DA:38,4
DA:49,1
DA:50,1
DA:51,1
DA:52,1
DA:53,1
DA:54,1
DA:55,1
DA:56,1
DA:57,1
DA:58,1
DA:59,1
DA:60,1
DA:61,1
DA:64,1
DA:65,1
DA:66,1
DA:67,1
DA:68,1
DA:69,1
DA:70,1
DA:71,1
DA:72,1
DA:73,1
BRF:0
BRH:0
LF:44
LH:44
end_of_record
SF:/home/andy/dev/rewrite-r/weaver/src/plugins/fitters/least_squares_fitter/mod.rs
FN:17,_RNvMNtNtNtCslaHvyqE5Xlf_6crabby7plugins7fitters20least_squares_fitterNtB2_18LeastSquaresFitter3new
FN:21,_RNvMNtNtNtCslaHvyqE5Xlf_6crabby7plugins7fitters20least_squares_fitterNtB2_18LeastSquaresFitter14get_parameters
FN:30,_RNvXs_NtNtNtCslaHvyqE5Xlf_6crabby7plugins7fitters20least_squares_fitterNtB4_18LeastSquaresFitterNtNtNtBa_6traits6fitter6Fitter3fit
FN:41,_RNvNtNtNtNtCslaHvyqE5Xlf_6crabby7plugins7fitters20least_squares_fitter5tests21get_testing_modeldata
FN:48,_RNvNtNtNtNtCslaHvyqE5Xlf_6crabby7plugins7fitters20least_squares_fitter5testss_29test_least_squares_fitter_new
FN:58,_RNvNtNtNtNtCslaHvyqE5Xlf_6crabby7plugins7fitters20least_squares_fitter5testss_40test_least_squares_fitter_get_parameters
FN:69,_RNvNtNtNtNtCslaHvyqE5Xlf_6crabby7plugins7fitters20least_squares_fitter5testss_29test_least_squares_fitter_fit
FNDA:3,_RNvMNtNtNtCslaHvyqE5Xlf_6crabby7plugins7fitters20least_squares_fitterNtB2_18LeastSquaresFitter3new
FNDA:1,_RNvMNtNtNtCslaHvyqE5Xlf_6crabby7plugins7fitters20least_squares_fitterNtB2_18LeastSquaresFitter14get_parameters
FNDA:2,_RNvXs_NtNtNtCslaHvyqE5Xlf_6crabby7plugins7fitters20least_squares_fitterNtB4_18LeastSquaresFitterNtNtNtBa_6traits6fitter6Fitter3fit
FNDA:3,_RNvNtNtNtNtCslaHvyqE5Xlf_6crabby7plugins7fitters20least_squares_fitter5tests21get_testing_modeldata
FNDA:1,_RNvNtNtNtNtCslaHvyqE5Xlf_6crabby7plugins7fitters20least_squares_fitter5testss_29test_least_squares_fitter_new
FNDA:1,_RNvNtNtNtNtCslaHvyqE5Xlf_6crabby7plugins7fitters20least_squares_fitter5testss_40test_least_squares_fitter_get_parameters
FNDA:1,_RNvNtNtNtNtCslaHvyqE5Xlf_6crabby7plugins7fitters20least_squares_fitter5testss_29test_least_squares_fitter_fit
FNF:7
FNH:7
DA:17,3
DA:18,3
DA:19,3
DA:21,1
DA:22,1
DA:23,1
DA:24,1
DA:25,1
DA:30,2
DA:31,2
DA:32,2
DA:33,2
DA:34,2
DA:41,3
DA:42,3
DA:43,3
DA:44,3
DA:45,3
DA:48,1
DA:49,1
DA:50,1
DA:51,1
DA:52,1
DA:54,1
DA:55,1
DA:58,1
DA:59,1
DA:60,1
DA:61,1
DA:62,1
DA:63,1
DA:64,1
DA:65,1
DA:66,1
DA:69,1
DA:70,1
DA:71,1
DA:72,1
DA:73,1
DA:74,1
DA:75,1
BRF:0
BRH:0
LF:41
LH:41
end_of_record
SF:/home/andy/dev/rewrite-r/weaver/src/plugins/loss/l2_loss_function.rs
FN:10,_RNvMNtNtNtCslaHvyqE5Xlf_6crabby7plugins4loss16l2_loss_functionNtB2_14L2LossFunction3new
FNDA:0,_RNvMNtNtNtCslaHvyqE5Xlf_6crabby7plugins4loss16l2_loss_functionNtB2_14L2LossFunction3new
FNF:1
FNH:0
DA:10,0
DA:11,0
DA:12,0
BRF:0
BRH:0
LF:3
LH:0
end_of_record
SF:/home/andy/dev/rewrite-r/weaver/src/plugins/predictors/linear_predictor.rs
FN:45,_RNvNtNtNtNtCslaHvyqE5Xlf_6crabby7plugins10predictors16linear_predictor5testss_12test_predict
FN:57,_RNvNtNtNtNtCslaHvyqE5Xlf_6crabby7plugins10predictors16linear_predictor5testss_33test_object_construction_features
FN:66,_RNvNtNtNtNtCslaHvyqE5Xlf_6crabby7plugins10predictors16linear_predictor5testss_31test_object_construction_params
FN:14,_RNvMNtNtNtCslaHvyqE5Xlf_6crabby7plugins10predictors16linear_predictorNtB2_15LinearPredictor3new
FN:29,_RNvXs_NtNtNtCslaHvyqE5Xlf_6crabby7plugins10predictors16linear_predictorNtB4_15LinearPredictorNtNtNtBa_6traits9predictor9Predictor7predict
FNDA:1,_RNvNtNtNtNtCslaHvyqE5Xlf_6crabby7plugins10predictors16linear_predictor5testss_12test_predict
FNDA:1,_RNvNtNtNtNtCslaHvyqE5Xlf_6crabby7plugins10predictors16linear_predictor5testss_33test_object_construction_features
FNDA:1,_RNvNtNtNtNtCslaHvyqE5Xlf_6crabby7plugins10predictors16linear_predictor5testss_31test_object_construction_params
FNDA:3,_RNvMNtNtNtCslaHvyqE5Xlf_6crabby7plugins10predictors16linear_predictorNtB2_15LinearPredictor3new
FNDA:1,_RNvXs_NtNtNtCslaHvyqE5Xlf_6crabby7plugins10predictors16linear_predictorNtB4_15LinearPredictorNtNtNtBa_6traits9predictor9Predictor7predict
FNF:5
FNH:5
DA:14,3
DA:15,3
DA:16,0
DA:17,3
DA:18,3
DA:19,3
DA:20,3
DA:21,3
DA:22,3
DA:23,3
DA:24,3
DA:29,1
DA:30,1
DA:31,1
DA:32,1
DA:33,1
DA:34,1
DA:45,1
DA:46,1
DA:47,1
DA:48,1
DA:49,1
DA:50,1
DA:51,1
DA:52,1
DA:53,1
DA:54,1
DA:57,1
DA:58,1
DA:59,1
DA:60,1
DA:61,1
DA:62,1
DA:63,1
DA:66,1
DA:67,1
DA:68,1
DA:69,1
DA:70,1
DA:71,1
DA:72,1
DA:73,1
DA:74,1
DA:75,1
BRF:0
BRH:0
LF:44
LH:43
end_of_record
SF:/home/andy/dev/rewrite-r/weaver/src/structs/model_data.rs
FN:37,_RNvNtNtNtCslaHvyqE5Xlf_6crabby7structs10model_data5testss_15test_model_data
FN:49,_RNvNtNtNtCslaHvyqE5Xlf_6crabby7structs10model_data5testss_25test_data_struct_creation
FN:16,_RNvMNtNtCslaHvyqE5Xlf_6crabby7structs10model_dataNtB2_9ModelData3new
FN:21,_RNvMNtNtCslaHvyqE5Xlf_6crabby7structs10model_dataNtB2_9ModelData1x
FN:26,_RNvMNtNtCslaHvyqE5Xlf_6crabby7structs10model_dataNtB2_9ModelData1y
FNDA:1,_RNvNtNtNtCslaHvyqE5Xlf_6crabby7structs10model_data5testss_15test_model_data
FNDA:1,_RNvNtNtNtCslaHvyqE5Xlf_6crabby7structs10model_data5testss_25test_data_struct_creation
FNDA:6,_RNvMNtNtCslaHvyqE5Xlf_6crabby7structs10model_dataNtB2_9ModelData3new
FNDA:1,_RNvMNtNtCslaHvyqE5Xlf_6crabby7structs10model_dataNtB2_9ModelData1x
FNDA:1,_RNvMNtNtCslaHvyqE5Xlf_6crabby7structs10model_dataNtB2_9ModelData1y
FNF:5
FNH:5
DA:16,6
DA:17,6
DA:18,6
DA:21,1
DA:22,1
DA:23,1
DA:26,1
DA:27,1
DA:28,1
DA:37,1
DA:38,1
DA:39,1
DA:40,1
DA:41,1
DA:42,1
DA:43,1
DA:44,1
DA:45,1
DA:46,1
DA:49,1
DA:50,1
DA:51,1
DA:52,1
DA:53,1
DA:54,1
DA:55,1
DA:56,1
DA:57,1
DA:58,1
BRF:0
BRH:0
LF:29
LH:29
end_of_record
SF:/home/andy/dev/rewrite-r/weaver/src/structs/real_matrix.rs
FN:279,_RNvNtNtNtCslaHvyqE5Xlf_6crabby7structs11real_matrix5tests20create_simple_matrix
FN:285,_RNvNtNtNtCslaHvyqE5Xlf_6crabby7structs11real_matrix5tests28get_zeros_vec_to_fill_matrix
FN:289,_RNvNtNtNtCslaHvyqE5Xlf_6crabby7structs11real_matrix5tests33allocate_empty_column_major_array
FN:299,_RNvNtNtNtCslaHvyqE5Xlf_6crabby7structs11real_matrix5testss_20test_matrix_creation
FN:309,_RNvNtNtNtCslaHvyqE5Xlf_6crabby7structs11real_matrix5testss_15test_matrix_new
FN:317,_RNvNtNtNtCslaHvyqE5Xlf_6crabby7structs11real_matrix5testss_48test_matrix_with_shape_returns_the_correct_shape
FN:326,_RNvNtNtNtCslaHvyqE5Xlf_6crabby7structs11real_matrix5testss_37test_matrix_with_shape_returns_all_0s
FN:333,_RNvNtNtNtCslaHvyqE5Xlf_6crabby7structs11real_matrix5testss_42test_matrix_is_square_when_actually_square
FN:341,_RNvNtNtNtCslaHvyqE5Xlf_6crabby7structs11real_matrix5testss_37test_matrix_is_square_when_not_square
FN:351,_RNvNtNtNtCslaHvyqE5Xlf_6crabby7structs11real_matrix5testss_37test_matrix_is_not_square_when_square
FN:359,_RNvNtNtNtCslaHvyqE5Xlf_6crabby7structs11real_matrix5testss_41test_matrix_is_not_square_when_not_square
FN:369,_RNvNtNtNtCslaHvyqE5Xlf_6crabby7structs11real_matrix5testss_46test_matrix_as_mut_without_changing_the_values
FN:376,_RNvNtNtNtCslaHvyqE5Xlf_6crabby7structs11real_matrix5testss_46test_matrix_as_mut_values_are_actually_mutable
FN:392,_RNvNtNtNtCslaHvyqE5Xlf_6crabby7structs11real_matrix5testss_50test_dot_product_returns_a_dot_product_result_type
FN:401,_RNvNtNtNtCslaHvyqE5Xlf_6crabby7structs11real_matrix5testss_20test_matrix_addition
FN:410,_RNvNtNtNtCslaHvyqE5Xlf_6crabby7structs11real_matrix5testss_21test_matrix_transpose
FN:418,_RNvNtNtNtCslaHvyqE5Xlf_6crabby7structs11real_matrix5testss_23test_matrix_subtraction
FN:427,_RNvNtNtNtCslaHvyqE5Xlf_6crabby7structs11real_matrix5testss_20test_matrix_from_vec
FN:435,_RNvNtNtNtCslaHvyqE5Xlf_6crabby7structs11real_matrix5testss_22test_matrix_from_slice
FN:443,_RNvNtNtNtCslaHvyqE5Xlf_6crabby7structs11real_matrix5testss_27test_matrix_to_column_major
FN:452,_RNvNtNtNtCslaHvyqE5Xlf_6crabby7structs11real_matrix5testss_82test_that_to_column_major_doesnt_do_anything_if_the_matrix_is_already_column_major
FN:472,_RNvNtNtNtCslaHvyqE5Xlf_6crabby7structs11real_matrix5testss_17test_matrix_shape
FN:480,_RNvNtNtNtCslaHvyqE5Xlf_6crabby7structs11real_matrix5testss_18test_matrix_n_rows
FN:488,_RNvNtNtNtCslaHvyqE5Xlf_6crabby7structs11real_matrix5testss_18test_matrix_n_cols
FN:496,_RNvNtNtNtCslaHvyqE5Xlf_6crabby7structs11real_matrix5testss_18test_matrix_is_vec
FN:504,_RNvNtNtNtCslaHvyqE5Xlf_6crabby7structs11real_matrix5testss_20test_matrix_is_empty
FN:512,_RNvNtNtNtCslaHvyqE5Xlf_6crabby7structs11real_matrix5testss_17test_matrix_n_dim
FN:520,_RNvNtNtNtCslaHvyqE5Xlf_6crabby7structs11real_matrix5testss_23test_create_real_matrix
FN:530,_RNvNtNtNtCslaHvyqE5Xlf_6crabby7structs11real_matrix5testss_30test_create_4_by_7_real_matrix
FN:553,_RNvNtNtNtCslaHvyqE5Xlf_6crabby7structs11real_matrix5testss_21test_as_mut_array_ref
FN:562,_RNvNtNtNtCslaHvyqE5Xlf_6crabby7structs11real_matrix5testss_36test_creation_of_real_matrix_success
FN:572,_RNvNtNtNtCslaHvyqE5Xlf_6crabby7structs11real_matrix5testss_25test_as_mut_array_ref_pt2
FN:581,_RNvNtNtNtCslaHvyqE5Xlf_6crabby7structs11real_matrix5testss_32test_from_array2_for_real_matrix
FN:588,_RNvNtNtNtCslaHvyqE5Xlf_6crabby7structs11real_matrix5testss_32test_from_real_matrix_for_array2
FN:599,_RNvNtNtNtCslaHvyqE5Xlf_6crabby7structs11real_matrix5testss_27test_as_ref_for_real_matrix
FN:607,_RNvNtNtNtCslaHvyqE5Xlf_6crabby7structs11real_matrix5testss_27test_as_mut_for_real_matrix
FN:616,_RNvNtNtNtCslaHvyqE5Xlf_6crabby7structs11real_matrix5testss_48test_as_slice_creates_the_expected_option_return
FN:624,_RNvNtNtNtCslaHvyqE5Xlf_6crabby7structs11real_matrix5testss_34test_as_slice_unwraps_successfully
FN:632,_RNvNtNtNtCslaHvyqE5Xlf_6crabby7structs11real_matrix5testss_52test_as_slice_mut_creates_the_expected_option_return
FN:640,_RNvNtNtNtCslaHvyqE5Xlf_6crabby7structs11real_matrix5testss_42test_as_slice_mut_creates_a_mutable_object
FN:662,_RNvNtNtNtCslaHvyqE5Xlf_6crabby7structs11real_matrix5testss_12test_inverse
FN:672,_RNvNtNtNtCslaHvyqE5Xlf_6crabby7structs11real_matrix5testss_20test_is_column_major
FN:689,_RNvNtNtNtCslaHvyqE5Xlf_6crabby7structs11real_matrix5testss_33test_get_zeros_vec_to_fill_matrix
FN:697,_RNvNtNtNtCslaHvyqE5Xlf_6crabby7structs11real_matrix5testss_38test_allocate_empty_column_major_array
FN:705,_RNvNtNtNtCslaHvyqE5Xlf_6crabby7structs11real_matrix5testss_54test_empty_column_major_array_is_actually_column_major
FN:716,_RNvNtNtNtCslaHvyqE5Xlf_6crabby7structs11real_matrix5testss_26test_matrix_multiplication
FN:730,_RNvNtNtNtCslaHvyqE5Xlf_6crabby7structs11real_matrix5testss_12test_get_row
FN:739,_RNvNtNtNtCslaHvyqE5Xlf_6crabby7structs11real_matrix5testss_26test_get_row_out_of_bounds
FN:747,_RNvNtNtNtCslaHvyqE5Xlf_6crabby7structs11real_matrix5testss_27test_get_row_returns_a_copy
FN:128,_RINvMNtNtCslaHvyqE5Xlf_6crabby7structs11real_matrixNtB3_10RealMatrix10get_n_colsRINtNtCsaz9ix1H7t6h_5alloc3vec3VecdEEB7_
FN:128,_RINvMNtNtCslaHvyqE5Xlf_6crabby7structs11real_matrixNtB3_10RealMatrix10get_n_colsRSdEB7_
FN:254,_RNvXs0_NtNtCslaHvyqE5Xlf_6crabby7structs11real_matrixINtCs6ffLFKYvobu_7ndarray9ArrayBaseINtNtBS_9data_repr9OwnedReprdEINtNtNtBS_9dimension3dim3DimAjj2_EEINtNtCs5cYH0lLSdLc_4core7convert4FromNtB5_10RealMatrixE4from
FN:43,_RNvNtNtCslaHvyqE5Xlf_6crabby7structs11real_matrix18create_real_matrix
FN:61,_RNvMNtNtCslaHvyqE5Xlf_6crabby7structs11real_matrixNtB2_10RealMatrix3new
FN:66,_RNvMNtNtCslaHvyqE5Xlf_6crabby7structs11real_matrixNtB2_10RealMatrix10with_shape
FN:73,_RNvMNtNtCslaHvyqE5Xlf_6crabby7structs11real_matrixNtB2_10RealMatrix9is_square
FN:77,_RNvMNtNtCslaHvyqE5Xlf_6crabby7structs11real_matrixNtB2_10RealMatrix13is_not_square
FN:83,_RNvMNtNtCslaHvyqE5Xlf_6crabby7structs11real_matrixNtB2_10RealMatrix12as_mut_array
FN:88,_RNvMNtNtCslaHvyqE5Xlf_6crabby7structs11real_matrixNtB2_10RealMatrix16as_mut_array_ref
FN:93,_RNvMNtNtCslaHvyqE5Xlf_6crabby7structs11real_matrixNtB2_10RealMatrix17multiply_matrices
FN:98,_RNvMNtNtCslaHvyqE5Xlf_6crabby7structs11real_matrixNtB2_10RealMatrix9transpose
FN:105,_RNvMNtNtCslaHvyqE5Xlf_6crabby7structs11real_matrixNtB2_10RealMatrix4plus
FN:112,_RNvMNtNtCslaHvyqE5Xlf_6crabby7structs11real_matrixNtB2_10RealMatrix5minus
FN:119,_RNvMNtNtCslaHvyqE5Xlf_6crabby7structs11real_matrixNtB2_10RealMatrix3dot
FN:135,_RNvMNtNtCslaHvyqE5Xlf_6crabby7structs11real_matrixNtB2_10RealMatrix8from_vec
FN:149,_RNvMNtNtCslaHvyqE5Xlf_6crabby7structs11real_matrixNtB2_10RealMatrix10from_slice
FN:162,_RNvMNtNtCslaHvyqE5Xlf_6crabby7structs11real_matrixNtB2_10RealMatrix15is_column_major
FN:169,_RNvMNtNtCslaHvyqE5Xlf_6crabby7structs11real_matrixNtB2_10RealMatrix15to_column_major
FN:192,_RNvMNtNtCslaHvyqE5Xlf_6crabby7structs11real_matrixNtB2_10RealMatrix8as_slice
FN:197,_RNvMNtNtCslaHvyqE5Xlf_6crabby7structs11real_matrixNtB2_10RealMatrix12as_slice_mut
FN:202,_RNvMNtNtCslaHvyqE5Xlf_6crabby7structs11real_matrixNtB2_10RealMatrix5shape
FN:210,_RNvMNtNtCslaHvyqE5Xlf_6crabby7structs11real_matrixNtB2_10RealMatrix6n_rows
FN:215,_RNvMNtNtCslaHvyqE5Xlf_6crabby7structs11real_matrixNtB2_10RealMatrix6n_cols
FN:220,_RNvMNtNtCslaHvyqE5Xlf_6crabby7structs11real_matrixNtB2_10RealMatrix6is_vec
FN:225,_RNvMNtNtCslaHvyqE5Xlf_6crabby7structs11real_matrixNtB2_10RealMatrix8is_empty
FN:230,_RNvMNtNtCslaHvyqE5Xlf_6crabby7structs11real_matrixNtB2_10RealMatrix5n_dim
FN:235,_RNvMNtNtCslaHvyqE5Xlf_6crabby7structs11real_matrixNtB2_10RealMatrix3inv
FN:242,_RNvMNtNtCslaHvyqE5Xlf_6crabby7structs11real_matrixNtB2_10RealMatrix7get_row
FN:248,_RNvXs_NtNtCslaHvyqE5Xlf_6crabby7structs11real_matrixNtB4_10RealMatrixINtNtCs5cYH0lLSdLc_4core7convert4FromINtCs6ffLFKYvobu_7ndarray9ArrayBaseINtNtB1J_9data_repr9OwnedReprdEINtNtNtB1J_9dimension3dim3DimAjj2_EEE4from
FN:260,_RNvXs1_NtNtCslaHvyqE5Xlf_6crabby7structs11real_matrixNtB5_10RealMatrixINtNtCs5cYH0lLSdLc_4core7convert5AsRefBP_E6as_ref
FN:266,_RNvXs2_NtNtCslaHvyqE5Xlf_6crabby7structs11real_matrixNtB5_10RealMatrixINtNtCs5cYH0lLSdLc_4core7convert5AsMutBP_E6as_mut
FNDA:32,_RNvNtNtNtCslaHvyqE5Xlf_6crabby7structs11real_matrix5tests20create_simple_matrix
FNDA:4,_RNvNtNtNtCslaHvyqE5Xlf_6crabby7structs11real_matrix5tests28get_zeros_vec_to_fill_matrix
FNDA:3,_RNvNtNtNtCslaHvyqE5Xlf_6crabby7structs11real_matrix5tests33allocate_empty_column_major_array
FNDA:1,_RNvNtNtNtCslaHvyqE5Xlf_6crabby7structs11real_matrix5testss_20test_matrix_creation
FNDA:1,_RNvNtNtNtCslaHvyqE5Xlf_6crabby7structs11real_matrix5testss_15test_matrix_new
FNDA:1,_RNvNtNtNtCslaHvyqE5Xlf_6crabby7structs11real_matrix5testss_48test_matrix_with_shape_returns_the_correct_shape
FNDA:1,_RNvNtNtNtCslaHvyqE5Xlf_6crabby7structs11real_matrix5testss_37test_matrix_with_shape_returns_all_0s
FNDA:1,_RNvNtNtNtCslaHvyqE5Xlf_6crabby7structs11real_matrix5testss_42test_matrix_is_square_when_actually_square
FNDA:1,_RNvNtNtNtCslaHvyqE5Xlf_6crabby7structs11real_matrix5testss_37test_matrix_is_square_when_not_square
FNDA:1,_RNvNtNtNtCslaHvyqE5Xlf_6crabby7structs11real_matrix5testss_37test_matrix_is_not_square_when_square
FNDA:1,_RNvNtNtNtCslaHvyqE5Xlf_6crabby7structs11real_matrix5testss_41test_matrix_is_not_square_when_not_square
FNDA:1,_RNvNtNtNtCslaHvyqE5Xlf_6crabby7structs11real_matrix5testss_46test_matrix_as_mut_without_changing_the_values
FNDA:1,_RNvNtNtNtCslaHvyqE5Xlf_6crabby7structs11real_matrix5testss_46test_matrix_as_mut_values_are_actually_mutable
FNDA:1,_RNvNtNtNtCslaHvyqE5Xlf_6crabby7structs11real_matrix5testss_50test_dot_product_returns_a_dot_product_result_type
FNDA:1,_RNvNtNtNtCslaHvyqE5Xlf_6crabby7structs11real_matrix5testss_20test_matrix_addition
FNDA:1,_RNvNtNtNtCslaHvyqE5Xlf_6crabby7structs11real_matrix5testss_21test_matrix_transpose
FNDA:1,_RNvNtNtNtCslaHvyqE5Xlf_6crabby7structs11real_matrix5testss_23test_matrix_subtraction
FNDA:1,_RNvNtNtNtCslaHvyqE5Xlf_6crabby7structs11real_matrix5testss_20test_matrix_from_vec
FNDA:1,_RNvNtNtNtCslaHvyqE5Xlf_6crabby7structs11real_matrix5testss_22test_matrix_from_slice
FNDA:1,_RNvNtNtNtCslaHvyqE5Xlf_6crabby7structs11real_matrix5testss_27test_matrix_to_column_major
FNDA:1,_RNvNtNtNtCslaHvyqE5Xlf_6crabby7structs11real_matrix5testss_82test_that_to_column_major_doesnt_do_anything_if_the_matrix_is_already_column_major
FNDA:1,_RNvNtNtNtCslaHvyqE5Xlf_6crabby7structs11real_matrix5testss_17test_matrix_shape
FNDA:1,_RNvNtNtNtCslaHvyqE5Xlf_6crabby7structs11real_matrix5testss_18test_matrix_n_rows
FNDA:1,_RNvNtNtNtCslaHvyqE5Xlf_6crabby7structs11real_matrix5testss_18test_matrix_n_cols
FNDA:1,_RNvNtNtNtCslaHvyqE5Xlf_6crabby7structs11real_matrix5testss_18test_matrix_is_vec
FNDA:1,_RNvNtNtNtCslaHvyqE5Xlf_6crabby7structs11real_matrix5testss_20test_matrix_is_empty
FNDA:1,_RNvNtNtNtCslaHvyqE5Xlf_6crabby7structs11real_matrix5testss_17test_matrix_n_dim
FNDA:1,_RNvNtNtNtCslaHvyqE5Xlf_6crabby7structs11real_matrix5testss_23test_create_real_matrix
FNDA:1,_RNvNtNtNtCslaHvyqE5Xlf_6crabby7structs11real_matrix5testss_30test_create_4_by_7_real_matrix
FNDA:1,_RNvNtNtNtCslaHvyqE5Xlf_6crabby7structs11real_matrix5testss_21test_as_mut_array_ref
FNDA:1,_RNvNtNtNtCslaHvyqE5Xlf_6crabby7structs11real_matrix5testss_36test_creation_of_real_matrix_success
FNDA:1,_RNvNtNtNtCslaHvyqE5Xlf_6crabby7structs11real_matrix5testss_25test_as_mut_array_ref_pt2
FNDA:1,_RNvNtNtNtCslaHvyqE5Xlf_6crabby7structs11real_matrix5testss_32test_from_array2_for_real_matrix
FNDA:1,_RNvNtNtNtCslaHvyqE5Xlf_6crabby7structs11real_matrix5testss_32test_from_real_matrix_for_array2
FNDA:1,_RNvNtNtNtCslaHvyqE5Xlf_6crabby7structs11real_matrix5testss_27test_as_ref_for_real_matrix
FNDA:1,_RNvNtNtNtCslaHvyqE5Xlf_6crabby7structs11real_matrix5testss_27test_as_mut_for_real_matrix
FNDA:1,_RNvNtNtNtCslaHvyqE5Xlf_6crabby7structs11real_matrix5testss_48test_as_slice_creates_the_expected_option_return
FNDA:1,_RNvNtNtNtCslaHvyqE5Xlf_6crabby7structs11real_matrix5testss_34test_as_slice_unwraps_successfully
FNDA:1,_RNvNtNtNtCslaHvyqE5Xlf_6crabby7structs11real_matrix5testss_52test_as_slice_mut_creates_the_expected_option_return
FNDA:1,_RNvNtNtNtCslaHvyqE5Xlf_6crabby7structs11real_matrix5testss_42test_as_slice_mut_creates_a_mutable_object
FNDA:1,_RNvNtNtNtCslaHvyqE5Xlf_6crabby7structs11real_matrix5testss_12test_inverse
FNDA:1,_RNvNtNtNtCslaHvyqE5Xlf_6crabby7structs11real_matrix5testss_20test_is_column_major
FNDA:1,_RNvNtNtNtCslaHvyqE5Xlf_6crabby7structs11real_matrix5testss_33test_get_zeros_vec_to_fill_matrix
FNDA:1,_RNvNtNtNtCslaHvyqE5Xlf_6crabby7structs11real_matrix5testss_38test_allocate_empty_column_major_array
FNDA:1,_RNvNtNtNtCslaHvyqE5Xlf_6crabby7structs11real_matrix5testss_54test_empty_column_major_array_is_actually_column_major
FNDA:1,_RNvNtNtNtCslaHvyqE5Xlf_6crabby7structs11real_matrix5testss_26test_matrix_multiplication
FNDA:1,_RNvNtNtNtCslaHvyqE5Xlf_6crabby7structs11real_matrix5testss_12test_get_row
FNDA:1,_RNvNtNtNtCslaHvyqE5Xlf_6crabby7structs11real_matrix5testss_26test_get_row_out_of_bounds
FNDA:1,_RNvNtNtNtCslaHvyqE5Xlf_6crabby7structs11real_matrix5testss_27test_get_row_returns_a_copy
FNDA:75,_RINvMNtNtCslaHvyqE5Xlf_6crabby7structs11real_matrixNtB3_10RealMatrix10get_n_colsRINtNtCsaz9ix1H7t6h_5alloc3vec3VecdEEB7_
FNDA:1,_RINvMNtNtCslaHvyqE5Xlf_6crabby7structs11real_matrixNtB3_10RealMatrix10get_n_colsRSdEB7_
FNDA:1,_RNvXs0_NtNtCslaHvyqE5Xlf_6crabby7structs11real_matrixINtCs6ffLFKYvobu_7ndarray9ArrayBaseINtNtBS_9data_repr9OwnedReprdEINtNtNtBS_9dimension3dim3DimAjj2_EEINtNtCs5cYH0lLSdLc_4core7convert4FromNtB5_10RealMatrixE4from
FNDA:58,_RNvNtNtCslaHvyqE5Xlf_6crabby7structs11real_matrix18create_real_matrix
FNDA:1,_RNvMNtNtCslaHvyqE5Xlf_6crabby7structs11real_matrixNtB2_10RealMatrix3new
FNDA:3,_RNvMNtNtCslaHvyqE5Xlf_6crabby7structs11real_matrixNtB2_10RealMatrix10with_shape
FNDA:4,_RNvMNtNtCslaHvyqE5Xlf_6crabby7structs11real_matrixNtB2_10RealMatrix9is_square
FNDA:2,_RNvMNtNtCslaHvyqE5Xlf_6crabby7structs11real_matrixNtB2_10RealMatrix13is_not_square
FNDA:1,_RNvMNtNtCslaHvyqE5Xlf_6crabby7structs11real_matrixNtB2_10RealMatrix12as_mut_array
FNDA:2,_RNvMNtNtCslaHvyqE5Xlf_6crabby7structs11real_matrixNtB2_10RealMatrix16as_mut_array_ref
FNDA:1,_RNvMNtNtCslaHvyqE5Xlf_6crabby7structs11real_matrixNtB2_10RealMatrix17multiply_matrices
FNDA:1,_RNvMNtNtCslaHvyqE5Xlf_6crabby7structs11real_matrixNtB2_10RealMatrix9transpose
FNDA:1,_RNvMNtNtCslaHvyqE5Xlf_6crabby7structs11real_matrixNtB2_10RealMatrix4plus
FNDA:1,_RNvMNtNtCslaHvyqE5Xlf_6crabby7structs11real_matrixNtB2_10RealMatrix5minus
FNDA:2,_RNvMNtNtCslaHvyqE5Xlf_6crabby7structs11real_matrixNtB2_10RealMatrix3dot
FNDA:75,_RNvMNtNtCslaHvyqE5Xlf_6crabby7structs11real_matrixNtB2_10RealMatrix8from_vec
FNDA:1,_RNvMNtNtCslaHvyqE5Xlf_6crabby7structs11real_matrixNtB2_10RealMatrix10from_slice
FNDA:4,_RNvMNtNtCslaHvyqE5Xlf_6crabby7structs11real_matrixNtB2_10RealMatrix15is_column_major
FNDA:3,_RNvMNtNtCslaHvyqE5Xlf_6crabby7structs11real_matrixNtB2_10RealMatrix15to_column_major
FNDA:2,_RNvMNtNtCslaHvyqE5Xlf_6crabby7structs11real_matrixNtB2_10RealMatrix8as_slice
FNDA:3,_RNvMNtNtCslaHvyqE5Xlf_6crabby7structs11real_matrixNtB2_10RealMatrix12as_slice_mut
FNDA:1,_RNvMNtNtCslaHvyqE5Xlf_6crabby7structs11real_matrixNtB2_10RealMatrix5shape
FNDA:72,_RNvMNtNtCslaHvyqE5Xlf_6crabby7structs11real_matrixNtB2_10RealMatrix6n_rows
FNDA:76,_RNvMNtNtCslaHvyqE5Xlf_6crabby7structs11real_matrixNtB2_10RealMatrix6n_cols
FNDA:1,_RNvMNtNtCslaHvyqE5Xlf_6crabby7structs11real_matrixNtB2_10RealMatrix6is_vec
FNDA:1,_RNvMNtNtCslaHvyqE5Xlf_6crabby7structs11real_matrixNtB2_10RealMatrix8is_empty
FNDA:1,_RNvMNtNtCslaHvyqE5Xlf_6crabby7structs11real_matrixNtB2_10RealMatrix5n_dim
FNDA:1,_RNvMNtNtCslaHvyqE5Xlf_6crabby7structs11real_matrixNtB2_10RealMatrix3inv
FNDA:4,_RNvMNtNtCslaHvyqE5Xlf_6crabby7structs11real_matrixNtB2_10RealMatrix7get_row
FNDA:5,_RNvXs_NtNtCslaHvyqE5Xlf_6crabby7structs11real_matrixNtB4_10RealMatrixINtNtCs5cYH0lLSdLc_4core7convert4FromINtCs6ffLFKYvobu_7ndarray9ArrayBaseINtNtB1J_9data_repr9OwnedReprdEINtNtNtB1J_9dimension3dim3DimAjj2_EEE4from
FNDA:9,_RNvXs1_NtNtCslaHvyqE5Xlf_6crabby7structs11real_matrixNtB5_10RealMatrixINtNtCs5cYH0lLSdLc_4core7convert5AsRefBP_E6as_ref
FNDA:10,_RNvXs2_NtNtCslaHvyqE5Xlf_6crabby7structs11real_matrixNtB5_10RealMatrixINtNtCs5cYH0lLSdLc_4core7convert5AsMutBP_E6as_mut
FNF:80
FNH:80
DA:43,58
DA:44,58
DA:45,58
DA:61,1
DA:62,1
DA:63,1
DA:66,3
DA:67,3
DA:68,3
DA:69,3
DA:70,3
DA:73,4
DA:74,4
DA:75,4
DA:77,2
DA:78,2
DA:79,2
DA:83,1
DA:84,1
DA:85,1
DA:88,2
DA:89,2
DA:90,2
DA:93,1
DA:94,1
DA:95,1
DA:98,1
DA:99,1
DA:100,1
DA:101,1
DA:102,1
DA:105,1
DA:106,1
DA:107,1
DA:108,1
DA:109,1
DA:112,1
DA:113,1
DA:114,1
DA:115,1
DA:116,1
DA:119,2
DA:120,2
DA:121,2
DA:122,2
DA:123,2
DA:124,2
DA:125,2
DA:128,76
DA:129,76
DA:130,76
DA:131,76
DA:135,75
DA:136,75
DA:137,75
DA:138,75
DA:139,75
DA:140,75
DA:141,75
DA:142,75
DA:143,75
DA:144,75
DA:145,75
DA:149,1
DA:150,1
DA:151,1
DA:152,1
DA:153,1
DA:154,1
DA:155,1
DA:156,1
DA:157,1
DA:158,1
DA:159,1
DA:162,4
DA:163,4
DA:164,4
DA:165,4
DA:169,3
DA:170,3
DA:171,3
DA:172,1
DA:173,2
DA:174,2
DA:175,2
DA:176,2
DA:177,2
DA:178,2
DA:179,2
DA:180,2
DA:181,2
DA:182,2
DA:183,2
DA:184,2
DA:185,2
DA:186,2
DA:187,2
DA:188,2
DA:189,3
DA:192,2
DA:193,2
DA:194,2
DA:197,3
DA:198,3
DA:199,3
DA:202,1
DA:203,1
DA:204,1
DA:205,1
DA:206,1
DA:207,1
DA:210,72
DA:211,72
DA:212,72
DA:215,76
DA:216,76
DA:217,76
DA:220,1
DA:221,1
DA:222,1
DA:225,1
DA:226,1
DA:227,1
DA:230,1
DA:231,1
DA:232,1
DA:235,1
DA:236,1
DA:238,1
DA:239,1
DA:242,4
DA:243,4
DA:244,4
DA:248,5
DA:249,5
DA:250,5
DA:254,1
DA:255,1
DA:256,1
DA:260,9
DA:261,9
DA:262,9
DA:266,10
DA:267,10
DA:268,10
DA:279,32
DA:280,32
DA:281,32
DA:282,32
DA:283,32
DA:285,4
DA:286,4
DA:287,4
DA:289,3
DA:290,3
DA:291,3
DA:292,3
DA:293,3
DA:294,3
DA:295,3
DA:296,3
DA:299,1
DA:300,1
DA:301,1
DA:302,1
DA:303,1
DA:304,1
DA:305,1
DA:306,1
DA:309,1
DA:310,1
DA:311,1
DA:312,1
DA:313,1
DA:314,1
DA:317,1
DA:318,1
DA:319,1
DA:321,1
DA:322,1
DA:323,1
DA:326,1
DA:327,1
DA:328,1
DA:329,1
DA:330,1
DA:333,1
DA:334,1
DA:335,1
DA:336,1
DA:337,1
DA:338,1
DA:341,1
DA:342,1
DA:343,1
DA:344,1
DA:345,1
DA:346,1
DA:347,1
DA:348,1
DA:351,1
DA:352,1
DA:353,1
DA:354,1
DA:355,1
DA:356,1
DA:359,1
DA:360,1
DA:361,1
DA:362,1
DA:363,1
DA:364,1
DA:365,1
DA:366,1
DA:369,1
DA:370,1
DA:371,1
DA:372,1
DA:373,1
DA:376,1
DA:377,1
DA:378,1
DA:379,1
DA:380,1
DA:381,1
DA:382,1
DA:383,1
DA:384,1
DA:385,1
DA:386,1
DA:387,1
DA:388,1
DA:389,1
DA:392,1
DA:393,1
DA:394,1
DA:395,1
DA:396,1
DA:397,1
DA:398,1
DA:401,1
DA:402,1
DA:403,1
DA:404,1
DA:405,1
DA:406,1
DA:407,1
DA:410,1
DA:411,1
DA:412,1
DA:413,1
DA:414,1
DA:415,1
DA:418,1
DA:419,1
DA:420,1
DA:421,1
DA:422,1
DA:423,1
DA:424,1
DA:427,1
DA:428,1
DA:429,1
DA:430,1
DA:431,1
DA:432,1
DA:435,1
DA:436,1
DA:437,1
DA:438,1
DA:439,1
DA:440,1
DA:443,1
DA:444,1
DA:445,1
DA:447,1
DA:448,1
DA:449,1
DA:452,1
DA:453,1
DA:454,1
DA:455,1
DA:456,1
DA:457,1
DA:458,1
DA:459,1
DA:461,2
DA:462,4
DA:463,4
DA:464,4
DA:467,1
DA:468,1
DA:469,1
DA:472,1
DA:473,1
DA:474,1
DA:475,1
DA:476,1
DA:477,1
DA:480,1
DA:481,1
DA:482,1
DA:483,1
DA:484,1
DA:485,1
DA:488,1
DA:489,1
DA:490,1
DA:491,1
DA:492,1
DA:493,1
DA:496,1
DA:497,1
DA:498,1
DA:499,1
DA:500,1
DA:501,1
DA:504,1
DA:505,1
DA:506,1
DA:507,1
DA:508,1
DA:509,1
DA:512,1
DA:513,1
DA:514,1
DA:515,1
DA:516,1
DA:517,1
DA:520,1
DA:521,1
DA:522,1
DA:523,1
DA:524,1
DA:525,1
DA:526,1
DA:527,1
DA:530,1
DA:531,1
DA:532,1
DA:533,1
DA:534,1
DA:535,1
DA:536,1
DA:537,1
DA:538,1
DA:539,1
DA:540,1
DA:541,1
DA:542,1
DA:543,1
DA:544,1
DA:545,1
DA:546,1
DA:547,1
DA:548,1
DA:549,1
DA:550,1
DA:553,1
DA:554,1
DA:555,1
DA:556,1
DA:557,1
DA:558,1
DA:559,1
DA:562,1
DA:563,1
DA:564,1
DA:565,1
DA:566,1
DA:567,1
DA:568,1
DA:569,1
DA:572,1
DA:573,1
DA:574,1
DA:575,1
DA:576,1
DA:577,1
DA:578,1
DA:581,1
DA:582,1
DA:583,1
DA:584,1
DA:585,1
DA:588,1
DA:589,1
DA:590,1
DA:591,1
DA:592,1
DA:593,1
DA:594,1
DA:595,1
DA:596,1
DA:599,1
DA:600,1
DA:601,1
DA:602,1
DA:603,1
DA:604,1
DA:607,1
DA:608,1
DA:609,1
DA:610,1
DA:611,1
DA:613,1
DA:616,1
DA:617,1
DA:618,1
DA:619,1
DA:620,1
DA:621,1
DA:624,1
DA:625,1
DA:626,1
DA:627,1
DA:628,1
DA:629,1
DA:632,1
DA:633,1
DA:634,1
DA:635,1
DA:636,1
DA:637,1
DA:640,1
DA:641,1
DA:642,1
DA:643,1
DA:644,1
DA:646,1
DA:647,1
DA:648,1
DA:649,1
DA:650,1
DA:651,1
DA:652,1
DA:653,1
DA:654,1
DA:655,1
DA:656,1
DA:657,1
DA:658,1
DA:659,1
DA:662,1
DA:663,1
DA:664,1
DA:665,1
DA:666,1
DA:667,1
DA:668,1
DA:669,1
DA:672,1
DA:673,1
DA:679,1
DA:680,1
DA:681,0
DA:682,0
DA:683,1
DA:684,1
DA:685,1
DA:686,1
DA:689,1
DA:690,1
DA:691,1
DA:692,1
DA:693,1
DA:694,1
DA:697,1
DA:698,1
DA:699,1
DA:700,1
DA:701,1
DA:702,1
DA:705,1
DA:706,1
DA:707,1
DA:708,1
DA:709,1
DA:710,1
DA:711,1
DA:712,1
DA:713,1
DA:716,1
DA:717,1
DA:718,1
DA:719,1
DA:720,1
DA:721,1
DA:722,1
DA:723,1
DA:724,1
DA:725,1
DA:726,1
DA:727,1
DA:730,1
DA:731,1
DA:732,1
DA:733,1
DA:734,1
DA:735,1
DA:739,1
DA:740,1
DA:741,1
DA:742,1
DA:743,1
DA:744,0
DA:747,1
DA:748,1
DA:749,1
DA:750,1
DA:751,1
DA:752,1
DA:753,1
DA:754,1
BRF:0
BRH:0
LF:514
LH:511
end_of_record
SF:/home/andy/dev/rewrite-r/weaver/src/traits/has_length_method.rs
FN:34,_RNvYpNtNtNtCslaHvyqE5Xlf_6crabby6traits17has_length_method12HasLenMethod8is_emptyB9_
FN:46,_RNvXNtNtCslaHvyqE5Xlf_6crabby6traits17has_length_methodSdNtB2_12HasLenMethod3len
FN:68,_RNvXs1_NtNtCslaHvyqE5Xlf_6crabby6traits17has_length_methodINtCs6ffLFKYvobu_7ndarray9ArrayBaseINtNtBX_9data_repr9OwnedReprdEINtNtNtBX_9dimension3dim3DimAjj2_EENtB5_12HasLenMethod3len
FN:74,_RNvXs2_NtNtCslaHvyqE5Xlf_6crabby6traits17has_length_methodRINtCs6ffLFKYvobu_7ndarray9ArrayBaseINtNtBY_9data_repr9OwnedReprdEINtNtNtBY_9dimension3dim3DimAjj2_EENtB5_12HasLenMethod3len
FN:76,_RNCNvXs2_NtNtCslaHvyqE5Xlf_6crabby6traits17has_length_methodRINtCs6ffLFKYvobu_7ndarray9ArrayBaseINtNtB10_9data_repr9OwnedReprdEINtNtNtB10_9dimension3dim3DimAjj2_EENtB7_12HasLenMethod3len0Bb_
FN:54,_RNCNvXs_NtNtCslaHvyqE5Xlf_6crabby6traits17has_length_methodRSdNtB6_12HasLenMethod3len0Ba_
FN:62,_RNCNvXs0_NtNtCslaHvyqE5Xlf_6crabby6traits17has_length_methodRINtNtCsaz9ix1H7t6h_5alloc3vec3VecdENtB7_12HasLenMethod3len0Bb_
FN:60,_RNvXs0_NtNtCslaHvyqE5Xlf_6crabby6traits17has_length_methodRINtNtCsaz9ix1H7t6h_5alloc3vec3VecdENtB5_12HasLenMethod3len
FN:52,_RNvXs_NtNtCslaHvyqE5Xlf_6crabby6traits17has_length_methodRSdNtB4_12HasLenMethod3len
FN:94,_RNvNtNtNtCslaHvyqE5Xlf_6crabby6traits17has_length_method5testss_16test_vec_ref_len
FN:101,_RNvNtNtNtCslaHvyqE5Xlf_6crabby6traits17has_length_method5testss_14test_array_len
FN:107,_RNvNtNtNtCslaHvyqE5Xlf_6crabby6traits17has_length_method5testss_18test_array_ref_len
FN:114,_RNvNtNtNtCslaHvyqE5Xlf_6crabby6traits17has_length_method5testss_14test_slice_len
FN:120,_RNvNtNtNtCslaHvyqE5Xlf_6crabby6traits17has_length_method5testss_18test_slice_ref_len
FN:127,_RNvNtNtNtCslaHvyqE5Xlf_6crabby6traits17has_length_method5testss_23test_empty_vec_is_empty
FN:133,_RNvNtNtNtCslaHvyqE5Xlf_6crabby6traits17has_length_method5testss_27test_empty_vec_ref_is_empty
FN:140,_RNvNtNtNtCslaHvyqE5Xlf_6crabby6traits17has_length_method5testss_25test_empty_array_is_empty
FN:146,_RNvNtNtNtCslaHvyqE5Xlf_6crabby6traits17has_length_method5testss_29test_empty_array_ref_is_empty
FN:153,_RNvNtNtNtCslaHvyqE5Xlf_6crabby6traits17has_length_method5testss_25test_empty_slice_is_empty
FN:159,_RNvNtNtNtCslaHvyqE5Xlf_6crabby6traits17has_length_method5testss_29test_empty_slice_ref_is_empty
FNDA:0,_RNvYpNtNtNtCslaHvyqE5Xlf_6crabby6traits17has_length_method12HasLenMethod8is_emptyB9_
FNDA:0,_RNvXNtNtCslaHvyqE5Xlf_6crabby6traits17has_length_methodSdNtB2_12HasLenMethod3len
FNDA:0,_RNvXs1_NtNtCslaHvyqE5Xlf_6crabby6traits17has_length_methodINtCs6ffLFKYvobu_7ndarray9ArrayBaseINtNtBX_9data_repr9OwnedReprdEINtNtNtBX_9dimension3dim3DimAjj2_EENtB5_12HasLenMethod3len
FNDA:0,_RNvXs2_NtNtCslaHvyqE5Xlf_6crabby6traits17has_length_methodRINtCs6ffLFKYvobu_7ndarray9ArrayBaseINtNtBY_9data_repr9OwnedReprdEINtNtNtBY_9dimension3dim3DimAjj2_EENtB5_12HasLenMethod3len
FNDA:0,_RNCNvXs2_NtNtCslaHvyqE5Xlf_6crabby6traits17has_length_methodRINtCs6ffLFKYvobu_7ndarray9ArrayBaseINtNtB10_9data_repr9OwnedReprdEINtNtNtB10_9dimension3dim3DimAjj2_EENtB7_12HasLenMethod3len0Bb_
FNDA:4,_RNCNvXs_NtNtCslaHvyqE5Xlf_6crabby6traits17has_length_methodRSdNtB6_12HasLenMethod3len0Ba_
FNDA:343,_RNCNvXs0_NtNtCslaHvyqE5Xlf_6crabby6traits17has_length_methodRINtNtCsaz9ix1H7t6h_5alloc3vec3VecdENtB7_12HasLenMethod3len0Bb_
FNDA:75,_RNvXs0_NtNtCslaHvyqE5Xlf_6crabby6traits17has_length_methodRINtNtCsaz9ix1H7t6h_5alloc3vec3VecdENtB5_12HasLenMethod3len
FNDA:1,_RNvXs_NtNtCslaHvyqE5Xlf_6crabby6traits17has_length_methodRSdNtB4_12HasLenMethod3len
FNDA:1,_RNvNtNtNtCslaHvyqE5Xlf_6crabby6traits17has_length_method5testss_16test_vec_ref_len
FNDA:1,_RNvNtNtNtCslaHvyqE5Xlf_6crabby6traits17has_length_method5testss_14test_array_len
FNDA:1,_RNvNtNtNtCslaHvyqE5Xlf_6crabby6traits17has_length_method5testss_18test_array_ref_len
FNDA:1,_RNvNtNtNtCslaHvyqE5Xlf_6crabby6traits17has_length_method5testss_14test_slice_len
FNDA:1,_RNvNtNtNtCslaHvyqE5Xlf_6crabby6traits17has_length_method5testss_18test_slice_ref_len
FNDA:1,_RNvNtNtNtCslaHvyqE5Xlf_6crabby6traits17has_length_method5testss_23test_empty_vec_is_empty
FNDA:1,_RNvNtNtNtCslaHvyqE5Xlf_6crabby6traits17has_length_method5testss_27test_empty_vec_ref_is_empty
FNDA:1,_RNvNtNtNtCslaHvyqE5Xlf_6crabby6traits17has_length_method5testss_25test_empty_array_is_empty
FNDA:1,_RNvNtNtNtCslaHvyqE5Xlf_6crabby6traits17has_length_method5testss_29test_empty_array_ref_is_empty
FNDA:1,_RNvNtNtNtCslaHvyqE5Xlf_6crabby6traits17has_length_method5testss_25test_empty_slice_is_empty
FNDA:1,_RNvNtNtNtCslaHvyqE5Xlf_6crabby6traits17has_length_method5testss_29test_empty_slice_ref_is_empty
FNF:20
FNH:15
DA:34,0
DA:35,0
DA:36,0
DA:46,0
DA:47,0
DA:48,0
DA:52,1
DA:53,1
DA:54,4
DA:55,1
DA:56,1
DA:60,75
DA:61,75
DA:62,343
DA:63,75
DA:64,75
DA:68,0
DA:69,0
DA:70,0
DA:74,0
DA:75,0
DA:76,0
DA:77,0
DA:78,0
DA:94,1
DA:95,1
DA:96,1
DA:97,1
DA:98,1
DA:101,1
DA:102,1
DA:103,1
DA:104,1
DA:107,1
DA:108,1
DA:109,1
DA:110,1
DA:111,1
DA:114,1
DA:115,1
DA:116,1
DA:117,1
DA:120,1
DA:121,1
DA:122,1
DA:123,1
DA:124,1
DA:127,1
DA:128,1
DA:129,1
DA:130,1
DA:133,1
DA:134,1
DA:135,1
DA:136,1
DA:137,1
DA:140,1
DA:141,1
DA:142,1
DA:143,1
DA:146,1
DA:147,1
DA:148,1
DA:149,1
DA:150,1
DA:153,1
DA:154,1
DA:155,1
DA:156,1
DA:159,1
DA:160,1
DA:161,1
DA:162,1
DA:163,1
BRF:0
BRH:0
LF:77
LH:62
end_of_record