SF:/home/andy/dev/rewrite-r/weaver/src/errors/fitting_error.rs
FN:11,_RNvXNtNtCskzJg08zRKyG_6weaver6errors13fitting_errorNtB2_12FittingErrorNtNtCs5cYH0lLSdLc_4core3fmt7Display3fmt
FN:22,_RNvXs_NtNtCskzJg08zRKyG_6weaver6errors13fitting_errorNtB4_12FittingErrorINtNtCs5cYH0lLSdLc_4core7convert4FromNtNtB6_20linear_algebra_error18LinearAlgebraErrorE4from
FNDA:0,_RNvXNtNtCskzJg08zRKyG_6weaver6errors13fitting_errorNtB2_12FittingErrorNtNtCs5cYH0lLSdLc_4core3fmt7Display3fmt
FNDA:0,_RNvXs_NtNtCskzJg08zRKyG_6weaver6errors13fitting_errorNtB4_12FittingErrorINtNtCs5cYH0lLSdLc_4core7convert4FromNtNtB6_20linear_algebra_error18LinearAlgebraErrorE4from
FNF:2
FNH:0
DA:11,0
DA:12,0
DA:14,0
DA:16,0
DA:18,0
DA:22,0
DA:23,0
DA:24,0
DA:25,0
DA:27,0
DA:28,0
DA:29,0
DA:30,0
DA:31,0
DA:33,0
BRF:0
BRH:0
LF:15
LH:0
end_of_record
SF:/home/andy/dev/rewrite-r/weaver/src/errors/linear_algebra_error.rs
FN:14,_RNvXNtNtCskzJg08zRKyG_6weaver6errors20linear_algebra_errorNtB2_18LinearAlgebraErrorNtNtCs5cYH0lLSdLc_4core3fmt7Display3fmt
FNDA:0,_RNvXNtNtCskzJg08zRKyG_6weaver6errors20linear_algebra_errorNtB2_18LinearAlgebraErrorNtNtCs5cYH0lLSdLc_4core3fmt7Display3fmt
FNF:1
FNH:0
DA:14,0
DA:15,0
DA:16,0
DA:17,0
DA:19,0
DA:20,0
DA:22,0
DA:23,0
DA:24,0
DA:26,0
DA:27,0
DA:29,0
DA:31,0
BRF:0
BRH:0
LF:13
LH:0
end_of_record
SF:/home/andy/dev/rewrite-r/weaver/src/errors/model_error.rs
FN:15,_RNvXNtNtCskzJg08zRKyG_6weaver6errors11model_errorNtB2_10ModelErrorNtNtCs5cYH0lLSdLc_4core3fmt7Display3fmt
FN:26,_RNvXs_NtNtCskzJg08zRKyG_6weaver6errors11model_errorNtB4_10ModelErrorINtNtCs5cYH0lLSdLc_4core7convert4FromNtNtB6_13fitting_error12FittingErrorE4from
FN:37,_RNvXs0_NtNtCskzJg08zRKyG_6weaver6errors11model_errorNtB5_10ModelErrorINtNtCs5cYH0lLSdLc_4core7convert4FromNtNtB7_20linear_algebra_error18LinearAlgebraErrorE4from
FNDA:0,_RNvXNtNtCskzJg08zRKyG_6weaver6errors11model_errorNtB2_10ModelErrorNtNtCs5cYH0lLSdLc_4core3fmt7Display3fmt
FNDA:0,_RNvXs_NtNtCskzJg08zRKyG_6weaver6errors11model_errorNtB4_10ModelErrorINtNtCs5cYH0lLSdLc_4core7convert4FromNtNtB6_13fitting_error12FittingErrorE4from
FNDA:0,_RNvXs0_NtNtCskzJg08zRKyG_6weaver6errors11model_errorNtB5_10ModelErrorINtNtCs5cYH0lLSdLc_4core7convert4FromNtNtB7_20linear_algebra_error18LinearAlgebraErrorE4from
FNF:3
FNH:0
DA:15,0
DA:16,0
DA:17,0
DA:18,0
DA:19,0
DA:20,0
DA:22,0
DA:26,0
DA:27,0
DA:29,0
DA:31,0
DA:33,0
DA:37,0
DA:38,0
DA:39,0
DA:40,0
DA:42,0
DA:43,0
DA:45,0
DA:46,0
DA:48,0
DA:49,0
DA:51,0
DA:52,0
DA:54,0
DA:55,0
DA:58,0
BRF:0
BRH:0
LF:27
LH:0
end_of_record
SF:/home/andy/dev/rewrite-r/weaver/src/main.rs
FN:1,_RNvCskZjGMGP1w8L_6weaver4main
FNDA:0,_RNvCskZjGMGP1w8L_6weaver4main
FNF:1
FNH:0
DA:1,0
DA:2,0
DA:3,0
BRF:0
BRH:0
LF:3
LH:0
end_of_record
SF:/home/andy/dev/rewrite-r/weaver/src/plugins/fitters/least_squares_fitter/least_squares_qr_decomposition.rs
FN:13,_RNvMNtNtNtNtCskzJg08zRKyG_6weaver7plugins7fitters20least_squares_fitter30least_squares_qr_decompositionNtB2_27LeastSquaresQrDecomposition3new
FN:18,_RNvMNtNtNtNtCskzJg08zRKyG_6weaver7plugins7fitters20least_squares_fitter30least_squares_qr_decompositionNtB2_27LeastSquaresQrDecomposition38decompose_matrix_with_qr_decomposition
FN:28,_RNvMNtNtNtNtCskzJg08zRKyG_6weaver7plugins7fitters20least_squares_fitter30least_squares_qr_decompositionNtB2_27LeastSquaresQrDecomposition20calculate_parameters
FN:31,_RNCNvMNtNtNtNtCskzJg08zRKyG_6weaver7plugins7fitters20least_squares_fitter30least_squares_qr_decompositionNtB4_27LeastSquaresQrDecomposition20calculate_parameters0Bc_
FN:35,_RNCNvMNtNtNtNtCskzJg08zRKyG_6weaver7plugins7fitters20least_squares_fitter30least_squares_qr_decompositionNtB4_27LeastSquaresQrDecomposition20calculate_parameterss_0Bc_
FN:43,_RNvXs_NtNtNtNtCskzJg08zRKyG_6weaver7plugins7fitters20least_squares_fitter30least_squares_qr_decompositionNtB4_27LeastSquaresQrDecompositionNtNtNtBc_6traits6fitter6Fitter3fit
FNDA:0,_RNvMNtNtNtNtCskzJg08zRKyG_6weaver7plugins7fitters20least_squares_fitter30least_squares_qr_decompositionNtB2_27LeastSquaresQrDecomposition3new
FNDA:0,_RNvMNtNtNtNtCskzJg08zRKyG_6weaver7plugins7fitters20least_squares_fitter30least_squares_qr_decompositionNtB2_27LeastSquaresQrDecomposition38decompose_matrix_with_qr_decomposition
FNDA:0,_RNvMNtNtNtNtCskzJg08zRKyG_6weaver7plugins7fitters20least_squares_fitter30least_squares_qr_decompositionNtB2_27LeastSquaresQrDecomposition20calculate_parameters
FNDA:0,_RNCNvMNtNtNtNtCskzJg08zRKyG_6weaver7plugins7fitters20least_squares_fitter30least_squares_qr_decompositionNtB4_27LeastSquaresQrDecomposition20calculate_parameters0Bc_
FNDA:0,_RNCNvMNtNtNtNtCskzJg08zRKyG_6weaver7plugins7fitters20least_squares_fitter30least_squares_qr_decompositionNtB4_27LeastSquaresQrDecomposition20calculate_parameterss_0Bc_
FNDA:0,_RNvXs_NtNtNtNtCskzJg08zRKyG_6weaver7plugins7fitters20least_squares_fitter30least_squares_qr_decompositionNtB4_27LeastSquaresQrDecompositionNtNtNtBc_6traits6fitter6Fitter3fit
FNF:6
FNH:0
DA:13,0
DA:14,0
DA:15,0
DA:18,0
DA:19,0
DA:20,0
DA:21,0
DA:22,0
DA:23,0
DA:24,0
DA:25,0
DA:28,0
DA:29,0
DA:30,0
DA:31,0
DA:33,0
DA:34,0
DA:35,0
DA:38,0
DA:39,0
DA:43,0
DA:44,0
DA:45,0
DA:46,0
DA:47,0
DA:48,0
DA:49,0
BRF:0
BRH:0
LF:29
LH:0
end_of_record
SF:/home/andy/dev/rewrite-r/weaver/src/plugins/fitters/least_squares_fitter/mod.rs
FN:17,_RNvMNtNtNtCskzJg08zRKyG_6weaver7plugins7fitters20least_squares_fitterNtB2_18LeastSquaresFitter3new
FN:24,_RNvXs_NtNtNtCskzJg08zRKyG_6weaver7plugins7fitters20least_squares_fitterNtB4_18LeastSquaresFitterNtNtNtBa_6traits6fitter6Fitter3fit
FNDA:0,_RNvMNtNtNtCskzJg08zRKyG_6weaver7plugins7fitters20least_squares_fitterNtB2_18LeastSquaresFitter3new
FNDA:0,_RNvXs_NtNtNtCskzJg08zRKyG_6weaver7plugins7fitters20least_squares_fitterNtB4_18LeastSquaresFitterNtNtNtBa_6traits6fitter6Fitter3fit
FNF:2
FNH:0
DA:17,0
DA:18,0
DA:19,0
DA:24,0
DA:25,0
DA:26,0
DA:27,0
DA:28,0
BRF:0
BRH:0
LF:8
LH:0
end_of_record
SF:/home/andy/dev/rewrite-r/weaver/src/plugins/predictors/linear_predictor.rs
FN:14,_RNvMNtNtNtCskzJg08zRKyG_6weaver7plugins10predictors16linear_predictorNtB2_15LinearPredictor3new
FN:25,_RNvXs_NtNtNtCskzJg08zRKyG_6weaver7plugins10predictors16linear_predictorNtB4_15LinearPredictorNtNtNtBa_6traits9predictor9Predictor7predict
FNDA:0,_RNvMNtNtNtCskzJg08zRKyG_6weaver7plugins10predictors16linear_predictorNtB2_15LinearPredictor3new
FNDA:0,_RNvXs_NtNtNtCskzJg08zRKyG_6weaver7plugins10predictors16linear_predictorNtB4_15LinearPredictorNtNtNtBa_6traits9predictor9Predictor7predict
FNF:2
FNH:0
DA:14,0
DA:15,0
DA:16,0
DA:17,0
DA:18,0
DA:19,0
DA:20,0
DA:25,0
DA:26,0
DA:27,0
DA:28,0
DA:29,0
DA:30,0
BRF:0
BRH:0
LF:13
LH:0
end_of_record
SF:/home/andy/dev/rewrite-r/weaver/src/structs/model_data.rs
FN:16,_RNvMNtNtCskzJg08zRKyG_6weaver7structs10model_dataNtB2_9ModelData3new
FN:21,_RNvMNtNtCskzJg08zRKyG_6weaver7structs10model_dataNtB2_9ModelData1x
FN:26,_RNvMNtNtCskzJg08zRKyG_6weaver7structs10model_dataNtB2_9ModelData1y
FNDA:0,_RNvMNtNtCskzJg08zRKyG_6weaver7structs10model_dataNtB2_9ModelData3new
FNDA:0,_RNvMNtNtCskzJg08zRKyG_6weaver7structs10model_dataNtB2_9ModelData1x
FNDA:0,_RNvMNtNtCskzJg08zRKyG_6weaver7structs10model_dataNtB2_9ModelData1y
FNF:3
FNH:0
DA:16,0
DA:17,0
DA:18,0
DA:21,0
DA:22,0
DA:23,0
DA:26,0
DA:27,0
DA:28,0
BRF:0
BRH:0
LF:9
LH:0
end_of_record
SF:/home/andy/dev/rewrite-r/weaver/src/structs/real_matrix.rs
FN:29,_RNvMNtNtCskzJg08zRKyG_6weaver7structs11real_matrixNtB2_10RealMatrix3new
FN:34,_RNvMNtNtCskzJg08zRKyG_6weaver7structs11real_matrixNtB2_10RealMatrix10with_shape
FN:50,_RNvMNtNtCskzJg08zRKyG_6weaver7structs11real_matrixNtB2_10RealMatrix12as_mut_array
FN:72,_RNvMNtNtCskzJg08zRKyG_6weaver7structs11real_matrixNtB2_10RealMatrix3dot
FN:79,_RNvMNtNtCskzJg08zRKyG_6weaver7structs11real_matrixNtB2_10RealMatrix9transpose
FN:86,_RNvMNtNtCskzJg08zRKyG_6weaver7structs11real_matrixNtB2_10RealMatrix4plus
FN:93,_RNvMNtNtCskzJg08zRKyG_6weaver7structs11real_matrixNtB2_10RealMatrix5minus
FN:101,_RNvMNtNtCskzJg08zRKyG_6weaver7structs11real_matrixNtB2_10RealMatrix8from_vec
FN:109,_RNvMNtNtCskzJg08zRKyG_6weaver7structs11real_matrixNtB2_10RealMatrix10from_slice
FN:117,_RNvMNtNtCskzJg08zRKyG_6weaver7structs11real_matrixNtB2_10RealMatrix15is_column_major
FN:123,_RNvMNtNtCskzJg08zRKyG_6weaver7structs11real_matrixNtB2_10RealMatrix15to_column_major
FN:146,_RNvMNtNtCskzJg08zRKyG_6weaver7structs11real_matrixNtB2_10RealMatrix5shape
FN:154,_RNvMNtNtCskzJg08zRKyG_6weaver7structs11real_matrixNtB2_10RealMatrix6n_rows
FN:159,_RNvMNtNtCskzJg08zRKyG_6weaver7structs11real_matrixNtB2_10RealMatrix6n_cols
FN:164,_RNvMNtNtCskzJg08zRKyG_6weaver7structs11real_matrixNtB2_10RealMatrix6is_vec
FN:169,_RNvMNtNtCskzJg08zRKyG_6weaver7structs11real_matrixNtB2_10RealMatrix8is_empty
FN:174,_RNvMNtNtCskzJg08zRKyG_6weaver7structs11real_matrixNtB2_10RealMatrix5n_dim
FN:223,_RNvNtNtNtCskzJg08zRKyG_6weaver7structs11real_matrix5tests20create_simple_matrix
FN:230,_RNvNtNtNtCskzJg08zRKyG_6weaver7structs11real_matrix5testss_20test_matrix_creation
FN:240,_RNvNtNtNtCskzJg08zRKyG_6weaver7structs11real_matrix5testss_15test_matrix_new
FN:248,_RNvNtNtNtCskzJg08zRKyG_6weaver7structs11real_matrix5testss_48test_matrix_with_shape_returns_the_correct_shape
FN:257,_RNvNtNtNtCskzJg08zRKyG_6weaver7structs11real_matrix5testss_37test_matrix_with_shape_returns_all_0s
FN:300,_RNvNtNtNtCskzJg08zRKyG_6weaver7structs11real_matrix5testss_46test_matrix_as_mut_without_changing_the_values
FN:307,_RNvNtNtNtCskzJg08zRKyG_6weaver7structs11real_matrix5testss_46test_matrix_as_mut_values_are_actually_mutable
FN:323,_RNvNtNtNtCskzJg08zRKyG_6weaver7structs11real_matrix5testss_50test_dot_product_returns_a_dot_product_result_type
FN:350,_RNvNtNtNtCskzJg08zRKyG_6weaver7structs11real_matrix5testss_20test_matrix_addition
FN:359,_RNvNtNtNtCskzJg08zRKyG_6weaver7structs11real_matrix5testss_21test_matrix_transpose
FN:380,_RNvNtNtNtCskzJg08zRKyG_6weaver7structs11real_matrix5testss_23test_matrix_subtraction
FN:389,_RNvNtNtNtCskzJg08zRKyG_6weaver7structs11real_matrix5testss_20test_matrix_from_vec
FN:397,_RNvNtNtNtCskzJg08zRKyG_6weaver7structs11real_matrix5testss_22test_matrix_from_slice
FN:405,_RNvNtNtNtCskzJg08zRKyG_6weaver7structs11real_matrix5testss_27test_matrix_to_column_major
FN:415,_RNvNtNtNtCskzJg08zRKyG_6weaver7structs11real_matrix5testss_17test_matrix_shape
FN:423,_RNvNtNtNtCskzJg08zRKyG_6weaver7structs11real_matrix5testss_18test_matrix_n_rows
FN:431,_RNvNtNtNtCskzJg08zRKyG_6weaver7structs11real_matrix5testss_18test_matrix_n_cols
FN:439,_RNvNtNtNtCskzJg08zRKyG_6weaver7structs11real_matrix5testss_18test_matrix_is_vec
FN:447,_RNvNtNtNtCskzJg08zRKyG_6weaver7structs11real_matrix5testss_20test_matrix_is_empty
FN:455,_RNvNtNtNtCskzJg08zRKyG_6weaver7structs11real_matrix5testss_17test_matrix_n_dim
FN:11,_RNvNtNtCskzJg08zRKyG_6weaver7structs11real_matrix18create_real_matrix
FN:40,_RNvMNtNtCskzJg08zRKyG_6weaver7structs11real_matrixNtB2_10RealMatrix9is_square
FN:44,_RNvMNtNtCskzJg08zRKyG_6weaver7structs11real_matrixNtB2_10RealMatrix13is_not_square
FN:55,_RNvMNtNtCskzJg08zRKyG_6weaver7structs11real_matrixNtB2_10RealMatrix16as_mut_array_ref
FN:61,_RNvMNtNtCskzJg08zRKyG_6weaver7structs11real_matrixNtB2_10RealMatrix17multiply_matrices
FN:136,_RNvMNtNtCskzJg08zRKyG_6weaver7structs11real_matrixNtB2_10RealMatrix8as_slice
FN:141,_RNvMNtNtCskzJg08zRKyG_6weaver7structs11real_matrixNtB2_10RealMatrix12as_slice_mut
FN:178,_RNvMNtNtCskzJg08zRKyG_6weaver7structs11real_matrixNtB2_10RealMatrix3inv
FN:193,_RNvXs_NtNtCskzJg08zRKyG_6weaver7structs11real_matrixNtB4_10RealMatrixINtNtCs5cYH0lLSdLc_4core7convert4FromINtCsjQLZIobZomu_7ndarray9ArrayBaseINtNtB1J_9data_repr9OwnedReprdEINtNtNtB1J_9dimension3dim3DimAjj2_EEE4from
FN:199,_RNvXs0_NtNtCskzJg08zRKyG_6weaver7structs11real_matrixINtCsjQLZIobZomu_7ndarray9ArrayBaseINtNtBS_9data_repr9OwnedReprdEINtNtNtBS_9dimension3dim3DimAjj2_EEINtNtCs5cYH0lLSdLc_4core7convert4FromNtB5_10RealMatrixE4from
FN:205,_RNvXs1_NtNtCskzJg08zRKyG_6weaver7structs11real_matrixNtB5_10RealMatrixINtNtCs5cYH0lLSdLc_4core7convert5AsRefBP_E6as_ref
FN:211,_RNvXs2_NtNtCskzJg08zRKyG_6weaver7structs11real_matrixNtB5_10RealMatrixINtNtCs5cYH0lLSdLc_4core7convert5AsMutBP_E6as_mut
FNDA:1,_RNvMNtNtCskzJg08zRKyG_6weaver7structs11real_matrixNtB2_10RealMatrix3new
FNDA:3,_RNvMNtNtCskzJg08zRKyG_6weaver7structs11real_matrixNtB2_10RealMatrix10with_shape
FNDA:1,_RNvMNtNtCskzJg08zRKyG_6weaver7structs11real_matrixNtB2_10RealMatrix12as_mut_array
FNDA:1,_RNvMNtNtCskzJg08zRKyG_6weaver7structs11real_matrixNtB2_10RealMatrix3dot
FNDA:1,_RNvMNtNtCskzJg08zRKyG_6weaver7structs11real_matrixNtB2_10RealMatrix9transpose
FNDA:1,_RNvMNtNtCskzJg08zRKyG_6weaver7structs11real_matrixNtB2_10RealMatrix4plus
FNDA:1,_RNvMNtNtCskzJg08zRKyG_6weaver7structs11real_matrixNtB2_10RealMatrix5minus
FNDA:1,_RNvMNtNtCskzJg08zRKyG_6weaver7structs11real_matrixNtB2_10RealMatrix8from_vec
FNDA:1,_RNvMNtNtCskzJg08zRKyG_6weaver7structs11real_matrixNtB2_10RealMatrix10from_slice
FNDA:1,_RNvMNtNtCskzJg08zRKyG_6weaver7structs11real_matrixNtB2_10RealMatrix15is_column_major
FNDA:1,_RNvMNtNtCskzJg08zRKyG_6weaver7structs11real_matrixNtB2_10RealMatrix15to_column_major
FNDA:1,_RNvMNtNtCskzJg08zRKyG_6weaver7structs11real_matrixNtB2_10RealMatrix5shape
FNDA:2,_RNvMNtNtCskzJg08zRKyG_6weaver7structs11real_matrixNtB2_10RealMatrix6n_rows
FNDA:2,_RNvMNtNtCskzJg08zRKyG_6weaver7structs11real_matrixNtB2_10RealMatrix6n_cols
FNDA:1,_RNvMNtNtCskzJg08zRKyG_6weaver7structs11real_matrixNtB2_10RealMatrix6is_vec
FNDA:1,_RNvMNtNtCskzJg08zRKyG_6weaver7structs11real_matrixNtB2_10RealMatrix8is_empty
FNDA:1,_RNvMNtNtCskzJg08zRKyG_6weaver7structs11real_matrixNtB2_10RealMatrix5n_dim
FNDA:16,_RNvNtNtNtCskzJg08zRKyG_6weaver7structs11real_matrix5tests20create_simple_matrix
FNDA:1,_RNvNtNtNtCskzJg08zRKyG_6weaver7structs11real_matrix5testss_20test_matrix_creation
FNDA:1,_RNvNtNtNtCskzJg08zRKyG_6weaver7structs11real_matrix5testss_15test_matrix_new
FNDA:1,_RNvNtNtNtCskzJg08zRKyG_6weaver7structs11real_matrix5testss_48test_matrix_with_shape_returns_the_correct_shape
FNDA:1,_RNvNtNtNtCskzJg08zRKyG_6weaver7structs11real_matrix5testss_37test_matrix_with_shape_returns_all_0s
FNDA:1,_RNvNtNtNtCskzJg08zRKyG_6weaver7structs11real_matrix5testss_46test_matrix_as_mut_without_changing_the_values
FNDA:1,_RNvNtNtNtCskzJg08zRKyG_6weaver7structs11real_matrix5testss_46test_matrix_as_mut_values_are_actually_mutable
FNDA:1,_RNvNtNtNtCskzJg08zRKyG_6weaver7structs11real_matrix5testss_50test_dot_product_returns_a_dot_product_result_type
FNDA:1,_RNvNtNtNtCskzJg08zRKyG_6weaver7structs11real_matrix5testss_20test_matrix_addition
FNDA:1,_RNvNtNtNtCskzJg08zRKyG_6weaver7structs11real_matrix5testss_21test_matrix_transpose
FNDA:1,_RNvNtNtNtCskzJg08zRKyG_6weaver7structs11real_matrix5testss_23test_matrix_subtraction
FNDA:1,_RNvNtNtNtCskzJg08zRKyG_6weaver7structs11real_matrix5testss_20test_matrix_from_vec
FNDA:1,_RNvNtNtNtCskzJg08zRKyG_6weaver7structs11real_matrix5testss_22test_matrix_from_slice
FNDA:1,_RNvNtNtNtCskzJg08zRKyG_6weaver7structs11real_matrix5testss_27test_matrix_to_column_major
FNDA:1,_RNvNtNtNtCskzJg08zRKyG_6weaver7structs11real_matrix5testss_17test_matrix_shape
FNDA:1,_RNvNtNtNtCskzJg08zRKyG_6weaver7structs11real_matrix5testss_18test_matrix_n_rows
FNDA:1,_RNvNtNtNtCskzJg08zRKyG_6weaver7structs11real_matrix5testss_18test_matrix_n_cols
FNDA:1,_RNvNtNtNtCskzJg08zRKyG_6weaver7structs11real_matrix5testss_18test_matrix_is_vec
FNDA:1,_RNvNtNtNtCskzJg08zRKyG_6weaver7structs11real_matrix5testss_20test_matrix_is_empty
FNDA:1,_RNvNtNtNtCskzJg08zRKyG_6weaver7structs11real_matrix5testss_17test_matrix_n_dim
FNDA:0,_RNvNtNtCskzJg08zRKyG_6weaver7structs11real_matrix18create_real_matrix
FNDA:0,_RNvMNtNtCskzJg08zRKyG_6weaver7structs11real_matrixNtB2_10RealMatrix9is_square
FNDA:0,_RNvMNtNtCskzJg08zRKyG_6weaver7structs11real_matrixNtB2_10RealMatrix13is_not_square
FNDA:0,_RNvMNtNtCskzJg08zRKyG_6weaver7structs11real_matrixNtB2_10RealMatrix16as_mut_array_ref
FNDA:0,_RNvMNtNtCskzJg08zRKyG_6weaver7structs11real_matrixNtB2_10RealMatrix17multiply_matrices
FNDA:0,_RNvMNtNtCskzJg08zRKyG_6weaver7structs11real_matrixNtB2_10RealMatrix8as_slice
FNDA:0,_RNvMNtNtCskzJg08zRKyG_6weaver7structs11real_matrixNtB2_10RealMatrix12as_slice_mut
FNDA:0,_RNvMNtNtCskzJg08zRKyG_6weaver7structs11real_matrixNtB2_10RealMatrix3inv
FNDA:0,_RNvXs_NtNtCskzJg08zRKyG_6weaver7structs11real_matrixNtB4_10RealMatrixINtNtCs5cYH0lLSdLc_4core7convert4FromINtCsjQLZIobZomu_7ndarray9ArrayBaseINtNtB1J_9data_repr9OwnedReprdEINtNtNtB1J_9dimension3dim3DimAjj2_EEE4from
FNDA:0,_RNvXs0_NtNtCskzJg08zRKyG_6weaver7structs11real_matrixINtCsjQLZIobZomu_7ndarray9ArrayBaseINtNtBS_9data_repr9OwnedReprdEINtNtNtBS_9dimension3dim3DimAjj2_EEINtNtCs5cYH0lLSdLc_4core7convert4FromNtB5_10RealMatrixE4from
FNDA:0,_RNvXs1_NtNtCskzJg08zRKyG_6weaver7structs11real_matrixNtB5_10RealMatrixINtNtCs5cYH0lLSdLc_4core7convert5AsRefBP_E6as_ref
FNDA:0,_RNvXs2_NtNtCskzJg08zRKyG_6weaver7structs11real_matrixNtB5_10RealMatrixINtNtCs5cYH0lLSdLc_4core7convert5AsMutBP_E6as_mut
FNF:49
FNH:37
DA:11,0
DA:12,0
DA:13,0
DA:29,1
DA:30,1
DA:31,1
DA:34,3
DA:35,3
DA:36,3
DA:37,3
DA:38,3
DA:40,0
DA:41,0
DA:42,0
DA:44,0
DA:45,0
DA:46,0
DA:50,1
DA:51,1
DA:52,1
DA:55,0
DA:56,0
DA:57,0
DA:61,0
DA:62,0
DA:63,0
DA:64,0
DA:65,0
DA:72,1
DA:73,1
DA:74,1
DA:75,1
DA:76,1
DA:79,1
DA:80,1
DA:81,1
DA:82,1
DA:83,1
DA:86,1
DA:87,1
DA:88,1
DA:89,1
DA:90,1
DA:93,1
DA:94,1
DA:95,1
DA:96,1
DA:97,1
DA:101,1
DA:102,1
DA:103,1
DA:104,1
DA:105,1
DA:109,1
DA:110,1
DA:111,1
DA:112,1
DA:113,1
DA:114,1
DA:117,1
DA:118,1
DA:119,1
DA:123,1
DA:124,1
DA:125,1
DA:127,0
DA:128,0
DA:129,0
DA:130,0
DA:131,0
DA:133,1
DA:136,0
DA:137,0
DA:138,0
DA:141,0
DA:142,0
DA:143,0
DA:146,1
DA:147,1
DA:148,1
DA:149,1
DA:150,1
DA:151,1
DA:154,2
DA:155,2
DA:156,2
DA:159,2
DA:160,2
DA:161,2
DA:164,1
DA:165,1
DA:166,1
DA:169,1
DA:170,1
DA:171,1
DA:174,1
DA:175,1
DA:176,1
DA:178,0
DA:179,0
DA:180,0
DA:181,0
DA:182,0
DA:193,0
DA:194,0
DA:195,0
DA:199,0
DA:200,0
DA:201,0
DA:205,0
DA:206,0
DA:207,0
DA:211,0
DA:212,0
DA:213,0
DA:223,16
DA:224,16
DA:225,16
DA:226,16
DA:227,16
DA:230,1
DA:231,1
DA:232,1
DA:233,1
DA:234,1
DA:235,1
DA:236,1
DA:237,1
DA:240,1
DA:241,1
DA:242,1
DA:243,1
DA:244,1
DA:245,1
DA:248,1
DA:249,1
DA:250,1
DA:252,1
DA:253,1
DA:254,1
DA:257,1
DA:258,1
DA:259,1
DA:260,1
DA:261,1
DA:300,1
DA:301,1
DA:302,1
DA:303,1
DA:304,1
DA:307,1
DA:308,1
DA:309,1
DA:310,1
DA:311,1
DA:312,1
DA:313,1
DA:314,1
DA:315,1
DA:316,1
DA:317,1
DA:318,1
DA:319,1
DA:320,1
DA:323,1
DA:324,1
DA:325,1
DA:326,1
DA:327,1
DA:328,1
DA:329,1
DA:350,1
DA:351,1
DA:352,1
DA:353,1
DA:354,1
DA:355,1
DA:356,1
DA:359,1
DA:360,1
DA:361,1
DA:362,1
DA:363,1
DA:364,1
DA:380,1
DA:381,1
DA:382,1
DA:383,1
DA:384,1
DA:385,1
DA:386,1
DA:389,1
DA:390,1
DA:391,1
DA:392,1
DA:393,1
DA:394,1
DA:397,1
DA:398,1
DA:399,1
DA:400,1
DA:401,1
DA:402,1
DA:405,1
DA:406,1
DA:407,1
DA:408,1
DA:409,1
DA:410,1
DA:411,1
DA:412,1
DA:415,1
DA:416,1
DA:417,1
DA:418,1
DA:419,1
DA:420,1
DA:423,1
DA:424,1
DA:425,1
DA:426,1
DA:427,1
DA:428,1
DA:431,1
DA:432,1
DA:433,1
DA:434,1
DA:435,1
DA:436,1
DA:439,1
DA:440,1
DA:441,1
DA:442,1
DA:443,1
DA:444,1
DA:447,1
DA:448,1
DA:449,1
DA:450,1
DA:451,1
DA:452,1
DA:455,1
DA:456,1
DA:457,1
DA:458,1
DA:459,1
DA:460,1
BRF:0
BRH:0
LF:247
LH:202
end_of_record