SF:/home/andy/dev/rewrite-r/weaver/src/errors/fitting_error.rs
FN:11,_RNvXNtNtCs9ag58sqW9mr_6weaver6errors13fitting_errorNtB2_12FittingErrorNtNtCs5cYH0lLSdLc_4core3fmt7Display3fmt
FN:22,_RNvXs_NtNtCs9ag58sqW9mr_6weaver6errors13fitting_errorNtB4_12FittingErrorINtNtCs5cYH0lLSdLc_4core7convert4FromNtNtB6_20linear_algebra_error18LinearAlgebraErrorE4from
FNDA:0,_RNvXNtNtCs9ag58sqW9mr_6weaver6errors13fitting_errorNtB2_12FittingErrorNtNtCs5cYH0lLSdLc_4core3fmt7Display3fmt
FNDA:0,_RNvXs_NtNtCs9ag58sqW9mr_6weaver6errors13fitting_errorNtB4_12FittingErrorINtNtCs5cYH0lLSdLc_4core7convert4FromNtNtB6_20linear_algebra_error18LinearAlgebraErrorE4from
FNF:2
FNH:0
DA:11,0
DA:12,0
DA:14,0
DA:16,0
DA:18,0
DA:22,0
DA:23,0
DA:24,0
DA:25,0
DA:27,0
DA:28,0
DA:29,0
DA:30,0
DA:31,0
DA:33,0
BRF:0
BRH:0
LF:15
LH:0
end_of_record
SF:/home/andy/dev/rewrite-r/weaver/src/errors/linear_algebra_error.rs
FN:14,_RNvXNtNtCs9ag58sqW9mr_6weaver6errors20linear_algebra_errorNtB2_18LinearAlgebraErrorNtNtCs5cYH0lLSdLc_4core3fmt7Display3fmt
FNDA:0,_RNvXNtNtCs9ag58sqW9mr_6weaver6errors20linear_algebra_errorNtB2_18LinearAlgebraErrorNtNtCs5cYH0lLSdLc_4core3fmt7Display3fmt
FNF:1
FNH:0
DA:14,0
DA:15,0
DA:16,0
DA:17,0
DA:19,0
DA:20,0
DA:22,0
DA:23,0
DA:24,0
DA:26,0
DA:27,0
DA:29,0
DA:31,0
BRF:0
BRH:0
LF:13
LH:0
end_of_record
SF:/home/andy/dev/rewrite-r/weaver/src/errors/model_error.rs
FN:15,_RNvXNtNtCs9ag58sqW9mr_6weaver6errors11model_errorNtB2_10ModelErrorNtNtCs5cYH0lLSdLc_4core3fmt7Display3fmt
FN:26,_RNvXs_NtNtCs9ag58sqW9mr_6weaver6errors11model_errorNtB4_10ModelErrorINtNtCs5cYH0lLSdLc_4core7convert4FromNtNtB6_13fitting_error12FittingErrorE4from
FN:37,_RNvXs0_NtNtCs9ag58sqW9mr_6weaver6errors11model_errorNtB5_10ModelErrorINtNtCs5cYH0lLSdLc_4core7convert4FromNtNtB7_20linear_algebra_error18LinearAlgebraErrorE4from
FNDA:0,_RNvXNtNtCs9ag58sqW9mr_6weaver6errors11model_errorNtB2_10ModelErrorNtNtCs5cYH0lLSdLc_4core3fmt7Display3fmt
FNDA:0,_RNvXs_NtNtCs9ag58sqW9mr_6weaver6errors11model_errorNtB4_10ModelErrorINtNtCs5cYH0lLSdLc_4core7convert4FromNtNtB6_13fitting_error12FittingErrorE4from
FNDA:0,_RNvXs0_NtNtCs9ag58sqW9mr_6weaver6errors11model_errorNtB5_10ModelErrorINtNtCs5cYH0lLSdLc_4core7convert4FromNtNtB7_20linear_algebra_error18LinearAlgebraErrorE4from
FNF:3
FNH:0
DA:15,0
DA:16,0
DA:17,0
DA:18,0
DA:19,0
DA:20,0
DA:22,0
DA:26,0
DA:27,0
DA:29,0
DA:31,0
DA:33,0
DA:37,0
DA:38,0
DA:39,0
DA:40,0
DA:42,0
DA:43,0
DA:45,0
DA:46,0
DA:48,0
DA:49,0
DA:51,0
DA:52,0
DA:54,0
DA:55,0
DA:58,0
BRF:0
BRH:0
LF:27
LH:0
end_of_record
SF:/home/andy/dev/rewrite-r/weaver/src/lapack_/blas_transpose_flag.rs
FN:10,_RNvMNtNtCs9ag58sqW9mr_6weaver7lapack_19blas_transpose_flagNtB2_17BlasTransposeFlag12to_blas_char
FNDA:5,_RNvMNtNtCs9ag58sqW9mr_6weaver7lapack_19blas_transpose_flagNtB2_17BlasTransposeFlag12to_blas_char
FNF:1
FNH:1
DA:10,5
DA:11,5
DA:12,5
DA:13,0
DA:14,0
DA:16,5
BRF:0
BRH:0
LF:6
LH:4
end_of_record
SF:/home/andy/dev/rewrite-r/weaver/src/lapack_/least_squares_solver.rs
FN:12,_RNvNtNtCs9ag58sqW9mr_6weaver7lapack_20least_squares_solver19solve_least_squares
FN:33,_RNvMNtNtCs9ag58sqW9mr_6weaver7lapack_20least_squares_solverNtB2_18LeastSquaresSolver3new
FN:63,_RNvMNtNtCs9ag58sqW9mr_6weaver7lapack_20least_squares_solverNtB2_18LeastSquaresSolver25validate_input_dimensions
FN:73,_RNvMNtNtCs9ag58sqW9mr_6weaver7lapack_20least_squares_solverNtB2_18LeastSquaresSolver28query_optimal_workspace_size
FN:105,_RNvMNtNtCs9ag58sqW9mr_6weaver7lapack_20least_squares_solverNtB2_18LeastSquaresSolver21perform_least_squares
FN:133,_RNvMNtNtCs9ag58sqW9mr_6weaver7lapack_20least_squares_solverNtB2_18LeastSquaresSolver16extract_solution
FN:157,_RNvNtNtNtCs9ag58sqW9mr_6weaver7lapack_20least_squares_solver5tests18create_real_matrix
FN:162,_RNvNtNtNtCs9ag58sqW9mr_6weaver7lapack_20least_squares_solver5testss_40test_least_squares_solver_initialization
FN:172,_RNvNtNtNtCs9ag58sqW9mr_6weaver7lapack_20least_squares_solver5testss_24test_solve_least_squares
FN:181,_RNvNtNtNtCs9ag58sqW9mr_6weaver7lapack_20least_squares_solver5testss_39test_solve_least_squares_overdetermined
FNDA:2,_RNvNtNtCs9ag58sqW9mr_6weaver7lapack_20least_squares_solver19solve_least_squares
FNDA:3,_RNvMNtNtCs9ag58sqW9mr_6weaver7lapack_20least_squares_solverNtB2_18LeastSquaresSolver3new
FNDA:3,_RNvMNtNtCs9ag58sqW9mr_6weaver7lapack_20least_squares_solverNtB2_18LeastSquaresSolver25validate_input_dimensions
FNDA:3,_RNvMNtNtCs9ag58sqW9mr_6weaver7lapack_20least_squares_solverNtB2_18LeastSquaresSolver28query_optimal_workspace_size
FNDA:2,_RNvMNtNtCs9ag58sqW9mr_6weaver7lapack_20least_squares_solverNtB2_18LeastSquaresSolver21perform_least_squares
FNDA:2,_RNvMNtNtCs9ag58sqW9mr_6weaver7lapack_20least_squares_solverNtB2_18LeastSquaresSolver16extract_solution
FNDA:7,_RNvNtNtNtCs9ag58sqW9mr_6weaver7lapack_20least_squares_solver5tests18create_real_matrix
FNDA:1,_RNvNtNtNtCs9ag58sqW9mr_6weaver7lapack_20least_squares_solver5testss_40test_least_squares_solver_initialization
FNDA:1,_RNvNtNtNtCs9ag58sqW9mr_6weaver7lapack_20least_squares_solver5testss_24test_solve_least_squares
FNDA:1,_RNvNtNtNtCs9ag58sqW9mr_6weaver7lapack_20least_squares_solver5testss_39test_solve_least_squares_overdetermined
FNF:10
FNH:10
DA:12,2
DA:13,2
DA:14,2
DA:15,2
DA:16,2
DA:33,3
DA:34,3
DA:35,3
DA:36,3
DA:37,3
DA:38,3
DA:39,3
DA:40,3
DA:41,3
DA:42,3
DA:43,3
DA:44,3
DA:45,3
DA:46,3
DA:47,3
DA:48,3
DA:49,3
DA:50,3
DA:51,3
DA:52,3
DA:53,3
DA:54,3
DA:55,3
DA:56,3
DA:57,3
DA:59,3
DA:60,3
DA:63,3
DA:64,3
DA:65,0
DA:66,0
DA:67,0
DA:68,3
DA:69,3
DA:70,3
DA:73,3
DA:74,3
DA:75,3
DA:76,3
DA:77,3
DA:78,3
DA:79,3
DA:80,3
DA:81,3
DA:82,3
DA:83,3
DA:84,3
DA:85,3
DA:86,3
DA:87,3
DA:88,3
DA:89,3
DA:90,3
DA:91,3
DA:92,3
DA:93,3
DA:94,3
DA:95,0
DA:96,0
DA:97,0
DA:98,3
DA:99,3
DA:100,3
DA:101,3
DA:102,3
DA:105,2
DA:106,2
DA:107,2
DA:108,2
DA:109,2
DA:110,2
DA:111,2
DA:112,2
DA:113,2
DA:114,2
DA:115,2
DA:116,2
DA:117,2
DA:118,2
DA:119,2
DA:120,2
DA:121,2
DA:122,2
DA:123,2
DA:124,0
DA:125,0
DA:126,0
DA:127,0
DA:128,2
DA:129,2
DA:130,2
DA:133,2
DA:134,2
DA:135,2
DA:136,2
DA:137,2
DA:138,2
DA:139,2
DA:140,2
DA:141,2
DA:142,2
DA:143,2
DA:144,2
DA:157,7
DA:158,7
DA:159,7
DA:162,1
DA:163,1
DA:164,1
DA:165,1
DA:166,1
DA:167,1
DA:168,1
DA:169,1
DA:172,1
DA:173,1
DA:174,1
DA:175,1
DA:176,1
DA:177,1
DA:178,1
DA:181,1
DA:182,1
DA:183,1
DA:184,1
DA:185,1
DA:186,1
DA:187,1
DA:188,1
DA:189,1
DA:190,1
DA:191,1
DA:192,1
DA:193,1
DA:194,1
DA:195,1
DA:196,1
DA:197,1
DA:198,1
DA:199,1
DA:200,1
DA:201,1
DA:202,1
DA:203,1
DA:204,1
DA:205,1
DA:206,1
BRF:0
BRH:0
LF:152
LH:142
end_of_record
SF:/home/andy/dev/rewrite-r/weaver/src/lapack_/matrix_inverter.rs
FN:10,_RNvNtNtCs9ag58sqW9mr_6weaver7lapack_15matrix_inverter13invert_matrix
FN:30,_RNvMNtNtCs9ag58sqW9mr_6weaver7lapack_15matrix_inverterNtB2_14MatrixInverter3new
FN:54,_RNvMNtNtCs9ag58sqW9mr_6weaver7lapack_15matrix_inverterNtB2_14MatrixInverter24perform_lu_factorization
FN:64,_RNvMNtNtCs9ag58sqW9mr_6weaver7lapack_15matrix_inverterNtB2_14MatrixInverter24perform_matrix_inversion
FN:72,_RNvMNtNtCs9ag58sqW9mr_6weaver7lapack_15matrix_inverterNtB2_14MatrixInverter11call_dgetrf
FN:99,_RNvMNtNtCs9ag58sqW9mr_6weaver7lapack_15matrix_inverterNtB2_14MatrixInverter11call_dgetri
FN:130,_RNvMNtNtCs9ag58sqW9mr_6weaver7lapack_15matrix_inverterNtB2_14MatrixInverter36validate_dimensions_of_result_matrix
FN:140,_RNvMNtNtCs9ag58sqW9mr_6weaver7lapack_15matrix_inverterNtB2_14MatrixInverter20allocate_pivot_array
FN:145,_RNvMNtNtCs9ag58sqW9mr_6weaver7lapack_15matrix_inverterNtB2_14MatrixInverter19allocate_work_array
FN:154,_RNvNtNtNtCs9ag58sqW9mr_6weaver7lapack_15matrix_inverter5tests18create_real_matrix
FN:159,_RNvNtNtNtCs9ag58sqW9mr_6weaver7lapack_15matrix_inverter5testss_37test_matrix_inverter_initialization_n
FN:166,_RNvNtNtNtCs9ag58sqW9mr_6weaver7lapack_15matrix_inverter5testss_39test_matrix_inverter_initialization_lda
FN:173,_RNvNtNtNtCs9ag58sqW9mr_6weaver7lapack_15matrix_inverter5testss_40test_matrix_inverter_initialization_ipiv
FN:180,_RNvNtNtNtCs9ag58sqW9mr_6weaver7lapack_15matrix_inverter5testss_40test_matrix_inverter_initialization_work
FN:187,_RNvNtNtNtCs9ag58sqW9mr_6weaver7lapack_15matrix_inverter5testss_41test_matrix_inverter_allocate_pivot_array
FN:193,_RNvNtNtNtCs9ag58sqW9mr_6weaver7lapack_15matrix_inverter5testss_40test_matrix_inverter_allocate_work_array
FN:199,_RNvNtNtNtCs9ag58sqW9mr_6weaver7lapack_15matrix_inverter5testss_18test_invert_matrix
FN:207,_RNvNtNtNtCs9ag58sqW9mr_6weaver7lapack_15matrix_inverter5testss_31test_more_complex_3_by_3_matrix
FNDA:3,_RNvNtNtCs9ag58sqW9mr_6weaver7lapack_15matrix_inverter13invert_matrix
FNDA:7,_RNvMNtNtCs9ag58sqW9mr_6weaver7lapack_15matrix_inverterNtB2_14MatrixInverter3new
FNDA:3,_RNvMNtNtCs9ag58sqW9mr_6weaver7lapack_15matrix_inverterNtB2_14MatrixInverter24perform_lu_factorization
FNDA:3,_RNvMNtNtCs9ag58sqW9mr_6weaver7lapack_15matrix_inverterNtB2_14MatrixInverter24perform_matrix_inversion
FNDA:3,_RNvMNtNtCs9ag58sqW9mr_6weaver7lapack_15matrix_inverterNtB2_14MatrixInverter11call_dgetrf
FNDA:3,_RNvMNtNtCs9ag58sqW9mr_6weaver7lapack_15matrix_inverterNtB2_14MatrixInverter11call_dgetri
FNDA:3,_RNvMNtNtCs9ag58sqW9mr_6weaver7lapack_15matrix_inverterNtB2_14MatrixInverter36validate_dimensions_of_result_matrix
FNDA:8,_RNvMNtNtCs9ag58sqW9mr_6weaver7lapack_15matrix_inverterNtB2_14MatrixInverter20allocate_pivot_array
FNDA:8,_RNvMNtNtCs9ag58sqW9mr_6weaver7lapack_15matrix_inverterNtB2_14MatrixInverter19allocate_work_array
FNDA:8,_RNvNtNtNtCs9ag58sqW9mr_6weaver7lapack_15matrix_inverter5tests18create_real_matrix
FNDA:1,_RNvNtNtNtCs9ag58sqW9mr_6weaver7lapack_15matrix_inverter5testss_37test_matrix_inverter_initialization_n
FNDA:1,_RNvNtNtNtCs9ag58sqW9mr_6weaver7lapack_15matrix_inverter5testss_39test_matrix_inverter_initialization_lda
FNDA:1,_RNvNtNtNtCs9ag58sqW9mr_6weaver7lapack_15matrix_inverter5testss_40test_matrix_inverter_initialization_ipiv
FNDA:1,_RNvNtNtNtCs9ag58sqW9mr_6weaver7lapack_15matrix_inverter5testss_40test_matrix_inverter_initialization_work
FNDA:1,_RNvNtNtNtCs9ag58sqW9mr_6weaver7lapack_15matrix_inverter5testss_41test_matrix_inverter_allocate_pivot_array
FNDA:1,_RNvNtNtNtCs9ag58sqW9mr_6weaver7lapack_15matrix_inverter5testss_40test_matrix_inverter_allocate_work_array
FNDA:1,_RNvNtNtNtCs9ag58sqW9mr_6weaver7lapack_15matrix_inverter5testss_18test_invert_matrix
FNDA:1,_RNvNtNtNtCs9ag58sqW9mr_6weaver7lapack_15matrix_inverter5testss_31test_more_complex_3_by_3_matrix
FNF:18
FNH:18
DA:10,3
DA:11,3
DA:12,3
DA:13,3
DA:14,3
DA:15,3
DA:16,3
DA:17,3
DA:30,7
DA:31,7
DA:32,7
DA:33,7
DA:34,7
DA:35,7
DA:36,7
DA:37,7
DA:38,7
DA:39,0
DA:40,7
DA:41,7
DA:42,7
DA:43,7
DA:44,7
DA:45,7
DA:46,7
DA:47,7
DA:48,7
DA:49,7
DA:54,3
DA:55,3
DA:56,3
DA:59,3
DA:60,3
DA:64,3
DA:65,3
DA:66,3
DA:68,3
DA:69,3
DA:72,3
DA:73,3
DA:74,3
DA:75,3
DA:76,3
DA:77,3
DA:78,3
DA:79,3
DA:80,3
DA:81,3
DA:82,3
DA:83,3
DA:84,3
DA:85,3
DA:86,0
DA:87,0
DA:88,0
DA:89,3
DA:90,3
DA:91,3
DA:92,3
DA:93,3
DA:94,3
DA:95,3
DA:96,3
DA:99,3
DA:100,3
DA:101,3
DA:102,3
DA:103,3
DA:104,3
DA:105,3
DA:106,3
DA:107,3
DA:108,3
DA:109,3
DA:110,3
DA:111,3
DA:112,3
DA:113,3
DA:114,3
DA:115,3
DA:116,3
DA:117,3
DA:118,3
DA:119,3
DA:120,3
DA:121,3
DA:122,0
DA:123,0
DA:124,0
DA:125,3
DA:126,3
DA:127,3
DA:130,3
DA:131,3
DA:132,0
DA:133,0
DA:134,0
DA:135,3
DA:136,3
DA:137,3
DA:140,8
DA:141,8
DA:142,8
DA:145,8
DA:146,8
DA:147,8
DA:154,8
DA:155,8
DA:156,8
DA:159,1
DA:160,1
DA:161,1
DA:162,1
DA:163,1
DA:166,1
DA:167,1
DA:168,1
DA:169,1
DA:170,1
DA:173,1
DA:174,1
DA:175,1
DA:176,1
DA:177,1
DA:180,1
DA:181,1
DA:182,1
DA:183,1
DA:184,1
DA:187,1
DA:188,1
DA:189,1
DA:190,1
DA:193,1
DA:194,1
DA:195,1
DA:196,1
DA:199,1
DA:200,1
DA:201,1
DA:202,1
DA:203,1
DA:204,1
DA:207,1
DA:208,1
DA:209,1
DA:210,1
DA:211,1
DA:212,1
DA:213,1
DA:214,1
DA:215,1
DA:216,1
DA:217,1
DA:218,1
DA:221,4
DA:222,12
DA:223,9
DA:226,1
BRF:0
BRH:0
LF:159
LH:149
end_of_record
SF:/home/andy/dev/rewrite-r/weaver/src/main.rs
FN:1,_RNvCs8QGBGprV8F1_6weaver4main
FNDA:0,_RNvCs8QGBGprV8F1_6weaver4main
FNF:1
FNH:0
DA:1,0
DA:2,0
DA:3,0
BRF:0
BRH:0
LF:3
LH:0
end_of_record
SF:/home/andy/dev/rewrite-r/weaver/src/plugins/fitters/least_squares_fitter/least_squares_qr_decomposition.rs
FN:13,_RNvMNtNtNtNtCs9ag58sqW9mr_6weaver7plugins7fitters20least_squares_fitter30least_squares_qr_decompositionNtB2_27LeastSquaresQrDecomposition3new
FN:18,_RNvMNtNtNtNtCs9ag58sqW9mr_6weaver7plugins7fitters20least_squares_fitter30least_squares_qr_decompositionNtB2_27LeastSquaresQrDecomposition38decompose_matrix_with_qr_decomposition
FN:28,_RNvMNtNtNtNtCs9ag58sqW9mr_6weaver7plugins7fitters20least_squares_fitter30least_squares_qr_decompositionNtB2_27LeastSquaresQrDecomposition20calculate_parameters
FN:31,_RNCNvMNtNtNtNtCs9ag58sqW9mr_6weaver7plugins7fitters20least_squares_fitter30least_squares_qr_decompositionNtB4_27LeastSquaresQrDecomposition20calculate_parameters0Bc_
FN:35,_RNCNvMNtNtNtNtCs9ag58sqW9mr_6weaver7plugins7fitters20least_squares_fitter30least_squares_qr_decompositionNtB4_27LeastSquaresQrDecomposition20calculate_parameterss_0Bc_
FN:43,_RNvXs_NtNtNtNtCs9ag58sqW9mr_6weaver7plugins7fitters20least_squares_fitter30least_squares_qr_decompositionNtB4_27LeastSquaresQrDecompositionNtNtCs5cYH0lLSdLc_4core7default7Default7default
FN:49,_RNvXs0_NtNtNtNtCs9ag58sqW9mr_6weaver7plugins7fitters20least_squares_fitter30least_squares_qr_decompositionNtB5_27LeastSquaresQrDecompositionNtNtNtBd_6traits6fitter6Fitter3fit
FNDA:0,_RNvMNtNtNtNtCs9ag58sqW9mr_6weaver7plugins7fitters20least_squares_fitter30least_squares_qr_decompositionNtB2_27LeastSquaresQrDecomposition3new
FNDA:0,_RNvMNtNtNtNtCs9ag58sqW9mr_6weaver7plugins7fitters20least_squares_fitter30least_squares_qr_decompositionNtB2_27LeastSquaresQrDecomposition38decompose_matrix_with_qr_decomposition
FNDA:0,_RNvMNtNtNtNtCs9ag58sqW9mr_6weaver7plugins7fitters20least_squares_fitter30least_squares_qr_decompositionNtB2_27LeastSquaresQrDecomposition20calculate_parameters
FNDA:0,_RNCNvMNtNtNtNtCs9ag58sqW9mr_6weaver7plugins7fitters20least_squares_fitter30least_squares_qr_decompositionNtB4_27LeastSquaresQrDecomposition20calculate_parameters0Bc_
FNDA:0,_RNCNvMNtNtNtNtCs9ag58sqW9mr_6weaver7plugins7fitters20least_squares_fitter30least_squares_qr_decompositionNtB4_27LeastSquaresQrDecomposition20calculate_parameterss_0Bc_
FNDA:0,_RNvXs_NtNtNtNtCs9ag58sqW9mr_6weaver7plugins7fitters20least_squares_fitter30least_squares_qr_decompositionNtB4_27LeastSquaresQrDecompositionNtNtCs5cYH0lLSdLc_4core7default7Default7default
FNDA:0,_RNvXs0_NtNtNtNtCs9ag58sqW9mr_6weaver7plugins7fitters20least_squares_fitter30least_squares_qr_decompositionNtB5_27LeastSquaresQrDecompositionNtNtNtBd_6traits6fitter6Fitter3fit
FNF:7
FNH:0
DA:13,0
DA:14,0
DA:15,0
DA:18,0
DA:19,0
DA:20,0
DA:21,0
DA:22,0
DA:23,0
DA:24,0
DA:25,0
DA:28,0
DA:29,0
DA:30,0
DA:31,0
DA:33,0
DA:34,0
DA:35,0
DA:38,0
DA:39,0
DA:43,0
DA:44,0
DA:45,0
DA:49,0
DA:50,0
DA:51,0
DA:52,0
DA:53,0
DA:54,0
DA:55,0
BRF:0
BRH:0
LF:32
LH:0
end_of_record
SF:/home/andy/dev/rewrite-r/weaver/src/plugins/fitters/least_squares_fitter/mod.rs
FN:17,_RNvMNtNtNtCs9ag58sqW9mr_6weaver7plugins7fitters20least_squares_fitterNtB2_18LeastSquaresFitter3new
FN:24,_RNvXs_NtNtNtCs9ag58sqW9mr_6weaver7plugins7fitters20least_squares_fitterNtB4_18LeastSquaresFitterNtNtNtBa_6traits6fitter6Fitter3fit
FNDA:0,_RNvMNtNtNtCs9ag58sqW9mr_6weaver7plugins7fitters20least_squares_fitterNtB2_18LeastSquaresFitter3new
FNDA:0,_RNvXs_NtNtNtCs9ag58sqW9mr_6weaver7plugins7fitters20least_squares_fitterNtB4_18LeastSquaresFitterNtNtNtBa_6traits6fitter6Fitter3fit
FNF:2
FNH:0
DA:17,0
DA:18,0
DA:19,0
DA:24,0
DA:25,0
DA:26,0
DA:27,0
DA:28,0
BRF:0
BRH:0
LF:8
LH:0
end_of_record
SF:/home/andy/dev/rewrite-r/weaver/src/plugins/predictors/linear_predictor.rs
FN:14,_RNvMNtNtNtCs9ag58sqW9mr_6weaver7plugins10predictors16linear_predictorNtB2_15LinearPredictor3new
FN:25,_RNvXs_NtNtNtCs9ag58sqW9mr_6weaver7plugins10predictors16linear_predictorNtB4_15LinearPredictorNtNtNtBa_6traits9predictor9Predictor7predict
FNDA:0,_RNvMNtNtNtCs9ag58sqW9mr_6weaver7plugins10predictors16linear_predictorNtB2_15LinearPredictor3new
FNDA:0,_RNvXs_NtNtNtCs9ag58sqW9mr_6weaver7plugins10predictors16linear_predictorNtB4_15LinearPredictorNtNtNtBa_6traits9predictor9Predictor7predict
FNF:2
FNH:0
DA:14,0
DA:15,0
DA:16,0
DA:17,0
DA:18,0
DA:19,0
DA:20,0
DA:25,0
DA:26,0
DA:27,0
DA:28,0
DA:29,0
DA:30,0
BRF:0
BRH:0
LF:13
LH:0
end_of_record
SF:/home/andy/dev/rewrite-r/weaver/src/structs/model_data.rs
FN:37,_RNvNtNtNtCs9ag58sqW9mr_6weaver7structs10model_data5testss_15test_model_data
FN:49,_RNvNtNtNtCs9ag58sqW9mr_6weaver7structs10model_data5testss_25test_data_struct_creation
FN:16,_RNvMNtNtCs9ag58sqW9mr_6weaver7structs10model_dataNtB2_9ModelData3new
FN:21,_RNvMNtNtCs9ag58sqW9mr_6weaver7structs10model_dataNtB2_9ModelData1x
FN:26,_RNvMNtNtCs9ag58sqW9mr_6weaver7structs10model_dataNtB2_9ModelData1y
FNDA:1,_RNvNtNtNtCs9ag58sqW9mr_6weaver7structs10model_data5testss_15test_model_data
FNDA:1,_RNvNtNtNtCs9ag58sqW9mr_6weaver7structs10model_data5testss_25test_data_struct_creation
FNDA:1,_RNvMNtNtCs9ag58sqW9mr_6weaver7structs10model_dataNtB2_9ModelData3new
FNDA:1,_RNvMNtNtCs9ag58sqW9mr_6weaver7structs10model_dataNtB2_9ModelData1x
FNDA:1,_RNvMNtNtCs9ag58sqW9mr_6weaver7structs10model_dataNtB2_9ModelData1y
FNF:5
FNH:5
DA:16,1
DA:17,1
DA:18,1
DA:21,1
DA:22,1
DA:23,1
DA:26,1
DA:27,1
DA:28,1
DA:37,1
DA:38,1
DA:39,1
DA:40,1
DA:41,1
DA:42,1
DA:43,1
DA:44,1
DA:45,1
DA:46,1
DA:49,1
DA:50,1
DA:51,1
DA:52,1
DA:53,1
DA:54,1
DA:55,1
DA:56,1
DA:57,1
DA:58,1
BRF:0
BRH:0
LF:29
LH:29
end_of_record
SF:/home/andy/dev/rewrite-r/weaver/src/structs/real_matrix.rs
FN:200,_RNvXs0_NtNtCs9ag58sqW9mr_6weaver7structs11real_matrixINtCsjQLZIobZomu_7ndarray9ArrayBaseINtNtBS_9data_repr9OwnedReprdEINtNtNtBS_9dimension3dim3DimAjj2_EEINtNtCs5cYH0lLSdLc_4core7convert4FromNtB5_10RealMatrixE4from
FN:61,_RNvMNtNtCs9ag58sqW9mr_6weaver7structs11real_matrixNtB2_10RealMatrix17multiply_matrices
FN:225,_RNvNtNtNtCs9ag58sqW9mr_6weaver7structs11real_matrix5tests20create_simple_matrix
FN:232,_RNvNtNtNtCs9ag58sqW9mr_6weaver7structs11real_matrix5testss_20test_matrix_creation
FN:242,_RNvNtNtNtCs9ag58sqW9mr_6weaver7structs11real_matrix5testss_15test_matrix_new
FN:250,_RNvNtNtNtCs9ag58sqW9mr_6weaver7structs11real_matrix5testss_48test_matrix_with_shape_returns_the_correct_shape
FN:259,_RNvNtNtNtCs9ag58sqW9mr_6weaver7structs11real_matrix5testss_37test_matrix_with_shape_returns_all_0s
FN:266,_RNvNtNtNtCs9ag58sqW9mr_6weaver7structs11real_matrix5testss_42test_matrix_is_square_when_actually_square
FN:274,_RNvNtNtNtCs9ag58sqW9mr_6weaver7structs11real_matrix5testss_37test_matrix_is_square_when_not_square
FN:284,_RNvNtNtNtCs9ag58sqW9mr_6weaver7structs11real_matrix5testss_37test_matrix_is_not_square_when_square
FN:292,_RNvNtNtNtCs9ag58sqW9mr_6weaver7structs11real_matrix5testss_41test_matrix_is_not_square_when_not_square
FN:302,_RNvNtNtNtCs9ag58sqW9mr_6weaver7structs11real_matrix5testss_46test_matrix_as_mut_without_changing_the_values
FN:309,_RNvNtNtNtCs9ag58sqW9mr_6weaver7structs11real_matrix5testss_46test_matrix_as_mut_values_are_actually_mutable
FN:325,_RNvNtNtNtCs9ag58sqW9mr_6weaver7structs11real_matrix5testss_50test_dot_product_returns_a_dot_product_result_type
FN:355,_RNvNtNtNtCs9ag58sqW9mr_6weaver7structs11real_matrix5testss_20test_matrix_addition
FN:364,_RNvNtNtNtCs9ag58sqW9mr_6weaver7structs11real_matrix5testss_21test_matrix_transpose
FN:385,_RNvNtNtNtCs9ag58sqW9mr_6weaver7structs11real_matrix5testss_23test_matrix_subtraction
FN:394,_RNvNtNtNtCs9ag58sqW9mr_6weaver7structs11real_matrix5testss_20test_matrix_from_vec
FN:402,_RNvNtNtNtCs9ag58sqW9mr_6weaver7structs11real_matrix5testss_22test_matrix_from_slice
FN:410,_RNvNtNtNtCs9ag58sqW9mr_6weaver7structs11real_matrix5testss_27test_matrix_to_column_major
FN:418,_RNvNtNtNtCs9ag58sqW9mr_6weaver7structs11real_matrix5testss_82test_that_to_column_major_doesnt_do_anything_if_the_matrix_is_already_column_major
FN:429,_RNvNtNtNtCs9ag58sqW9mr_6weaver7structs11real_matrix5testss_17test_matrix_shape
FN:437,_RNvNtNtNtCs9ag58sqW9mr_6weaver7structs11real_matrix5testss_18test_matrix_n_rows
FN:445,_RNvNtNtNtCs9ag58sqW9mr_6weaver7structs11real_matrix5testss_18test_matrix_n_cols
FN:453,_RNvNtNtNtCs9ag58sqW9mr_6weaver7structs11real_matrix5testss_18test_matrix_is_vec
FN:461,_RNvNtNtNtCs9ag58sqW9mr_6weaver7structs11real_matrix5testss_20test_matrix_is_empty
FN:469,_RNvNtNtNtCs9ag58sqW9mr_6weaver7structs11real_matrix5testss_17test_matrix_n_dim
FN:477,_RNvNtNtNtCs9ag58sqW9mr_6weaver7structs11real_matrix5testss_23test_create_real_matrix
FN:487,_RNvNtNtNtCs9ag58sqW9mr_6weaver7structs11real_matrix5testss_30test_create_4_by_7_real_matrix
FN:510,_RNvNtNtNtCs9ag58sqW9mr_6weaver7structs11real_matrix5testss_21test_as_mut_array_ref
FN:519,_RNvNtNtNtCs9ag58sqW9mr_6weaver7structs11real_matrix5testss_36test_creation_of_real_matrix_success
FN:533,_RNvNtNtNtCs9ag58sqW9mr_6weaver7structs11real_matrix5testss_25test_as_mut_array_ref_pt2
FN:542,_RNvNtNtNtCs9ag58sqW9mr_6weaver7structs11real_matrix5testss_32test_from_array2_for_real_matrix
FN:549,_RNvNtNtNtCs9ag58sqW9mr_6weaver7structs11real_matrix5testss_32test_from_real_matrix_for_array2
FN:560,_RNvNtNtNtCs9ag58sqW9mr_6weaver7structs11real_matrix5testss_27test_as_ref_for_real_matrix
FN:568,_RNvNtNtNtCs9ag58sqW9mr_6weaver7structs11real_matrix5testss_27test_as_mut_for_real_matrix
FN:577,_RNvNtNtNtCs9ag58sqW9mr_6weaver7structs11real_matrix5testss_48test_as_slice_creates_the_expected_option_return
FN:585,_RNvNtNtNtCs9ag58sqW9mr_6weaver7structs11real_matrix5testss_34test_as_slice_unwraps_successfully
FN:597,_RNvNtNtNtCs9ag58sqW9mr_6weaver7structs11real_matrix5testss_52test_as_slice_mut_creates_the_expected_option_return
FN:605,_RNvNtNtNtCs9ag58sqW9mr_6weaver7structs11real_matrix5testss_42test_as_slice_mut_creates_a_mutable_object
FN:627,_RNvNtNtNtCs9ag58sqW9mr_6weaver7structs11real_matrix5testss_12test_inverse
FN:11,_RNvNtNtCs9ag58sqW9mr_6weaver7structs11real_matrix18create_real_matrix
FN:29,_RNvMNtNtCs9ag58sqW9mr_6weaver7structs11real_matrixNtB2_10RealMatrix3new
FN:34,_RNvMNtNtCs9ag58sqW9mr_6weaver7structs11real_matrixNtB2_10RealMatrix10with_shape
FN:40,_RNvMNtNtCs9ag58sqW9mr_6weaver7structs11real_matrixNtB2_10RealMatrix9is_square
FN:44,_RNvMNtNtCs9ag58sqW9mr_6weaver7structs11real_matrixNtB2_10RealMatrix13is_not_square
FN:50,_RNvMNtNtCs9ag58sqW9mr_6weaver7structs11real_matrixNtB2_10RealMatrix12as_mut_array
FN:55,_RNvMNtNtCs9ag58sqW9mr_6weaver7structs11real_matrixNtB2_10RealMatrix16as_mut_array_ref
FN:72,_RNvMNtNtCs9ag58sqW9mr_6weaver7structs11real_matrixNtB2_10RealMatrix3dot
FN:79,_RNvMNtNtCs9ag58sqW9mr_6weaver7structs11real_matrixNtB2_10RealMatrix9transpose
FN:86,_RNvMNtNtCs9ag58sqW9mr_6weaver7structs11real_matrixNtB2_10RealMatrix4plus
FN:93,_RNvMNtNtCs9ag58sqW9mr_6weaver7structs11real_matrixNtB2_10RealMatrix5minus
FN:101,_RNvMNtNtCs9ag58sqW9mr_6weaver7structs11real_matrixNtB2_10RealMatrix8from_vec
FN:109,_RNvMNtNtCs9ag58sqW9mr_6weaver7structs11real_matrixNtB2_10RealMatrix10from_slice
FN:117,_RNvMNtNtCs9ag58sqW9mr_6weaver7structs11real_matrixNtB2_10RealMatrix15is_column_major
FN:123,_RNvMNtNtCs9ag58sqW9mr_6weaver7structs11real_matrixNtB2_10RealMatrix15to_column_major
FN:136,_RNvMNtNtCs9ag58sqW9mr_6weaver7structs11real_matrixNtB2_10RealMatrix8as_slice
FN:141,_RNvMNtNtCs9ag58sqW9mr_6weaver7structs11real_matrixNtB2_10RealMatrix12as_slice_mut
FN:146,_RNvMNtNtCs9ag58sqW9mr_6weaver7structs11real_matrixNtB2_10RealMatrix5shape
FN:154,_RNvMNtNtCs9ag58sqW9mr_6weaver7structs11real_matrixNtB2_10RealMatrix6n_rows
FN:159,_RNvMNtNtCs9ag58sqW9mr_6weaver7structs11real_matrixNtB2_10RealMatrix6n_cols
FN:164,_RNvMNtNtCs9ag58sqW9mr_6weaver7structs11real_matrixNtB2_10RealMatrix6is_vec
FN:169,_RNvMNtNtCs9ag58sqW9mr_6weaver7structs11real_matrixNtB2_10RealMatrix8is_empty
FN:174,_RNvMNtNtCs9ag58sqW9mr_6weaver7structs11real_matrixNtB2_10RealMatrix5n_dim
FN:178,_RNvMNtNtCs9ag58sqW9mr_6weaver7structs11real_matrixNtB2_10RealMatrix3inv
FN:194,_RNvXs_NtNtCs9ag58sqW9mr_6weaver7structs11real_matrixNtB4_10RealMatrixINtNtCs5cYH0lLSdLc_4core7convert4FromINtCsjQLZIobZomu_7ndarray9ArrayBaseINtNtB1J_9data_repr9OwnedReprdEINtNtNtB1J_9dimension3dim3DimAjj2_EEE4from
FN:206,_RNvXs1_NtNtCs9ag58sqW9mr_6weaver7structs11real_matrixNtB5_10RealMatrixINtNtCs5cYH0lLSdLc_4core7convert5AsRefBP_E6as_ref
FN:212,_RNvXs2_NtNtCs9ag58sqW9mr_6weaver7structs11real_matrixNtB5_10RealMatrixINtNtCs5cYH0lLSdLc_4core7convert5AsMutBP_E6as_mut
FNDA:1,_RNvXs0_NtNtCs9ag58sqW9mr_6weaver7structs11real_matrixINtCsjQLZIobZomu_7ndarray9ArrayBaseINtNtBS_9data_repr9OwnedReprdEINtNtNtBS_9dimension3dim3DimAjj2_EEINtNtCs5cYH0lLSdLc_4core7convert4FromNtB5_10RealMatrixE4from
FNDA:0,_RNvMNtNtCs9ag58sqW9mr_6weaver7structs11real_matrixNtB2_10RealMatrix17multiply_matrices
FNDA:29,_RNvNtNtNtCs9ag58sqW9mr_6weaver7structs11real_matrix5tests20create_simple_matrix
FNDA:1,_RNvNtNtNtCs9ag58sqW9mr_6weaver7structs11real_matrix5testss_20test_matrix_creation
FNDA:1,_RNvNtNtNtCs9ag58sqW9mr_6weaver7structs11real_matrix5testss_15test_matrix_new
FNDA:1,_RNvNtNtNtCs9ag58sqW9mr_6weaver7structs11real_matrix5testss_48test_matrix_with_shape_returns_the_correct_shape
FNDA:1,_RNvNtNtNtCs9ag58sqW9mr_6weaver7structs11real_matrix5testss_37test_matrix_with_shape_returns_all_0s
FNDA:1,_RNvNtNtNtCs9ag58sqW9mr_6weaver7structs11real_matrix5testss_42test_matrix_is_square_when_actually_square
FNDA:1,_RNvNtNtNtCs9ag58sqW9mr_6weaver7structs11real_matrix5testss_37test_matrix_is_square_when_not_square
FNDA:1,_RNvNtNtNtCs9ag58sqW9mr_6weaver7structs11real_matrix5testss_37test_matrix_is_not_square_when_square
FNDA:1,_RNvNtNtNtCs9ag58sqW9mr_6weaver7structs11real_matrix5testss_41test_matrix_is_not_square_when_not_square
FNDA:1,_RNvNtNtNtCs9ag58sqW9mr_6weaver7structs11real_matrix5testss_46test_matrix_as_mut_without_changing_the_values
FNDA:1,_RNvNtNtNtCs9ag58sqW9mr_6weaver7structs11real_matrix5testss_46test_matrix_as_mut_values_are_actually_mutable
FNDA:1,_RNvNtNtNtCs9ag58sqW9mr_6weaver7structs11real_matrix5testss_50test_dot_product_returns_a_dot_product_result_type
FNDA:1,_RNvNtNtNtCs9ag58sqW9mr_6weaver7structs11real_matrix5testss_20test_matrix_addition
FNDA:1,_RNvNtNtNtCs9ag58sqW9mr_6weaver7structs11real_matrix5testss_21test_matrix_transpose
FNDA:1,_RNvNtNtNtCs9ag58sqW9mr_6weaver7structs11real_matrix5testss_23test_matrix_subtraction
FNDA:1,_RNvNtNtNtCs9ag58sqW9mr_6weaver7structs11real_matrix5testss_20test_matrix_from_vec
FNDA:1,_RNvNtNtNtCs9ag58sqW9mr_6weaver7structs11real_matrix5testss_22test_matrix_from_slice
FNDA:1,_RNvNtNtNtCs9ag58sqW9mr_6weaver7structs11real_matrix5testss_27test_matrix_to_column_major
FNDA:1,_RNvNtNtNtCs9ag58sqW9mr_6weaver7structs11real_matrix5testss_82test_that_to_column_major_doesnt_do_anything_if_the_matrix_is_already_column_major
FNDA:1,_RNvNtNtNtCs9ag58sqW9mr_6weaver7structs11real_matrix5testss_17test_matrix_shape
FNDA:1,_RNvNtNtNtCs9ag58sqW9mr_6weaver7structs11real_matrix5testss_18test_matrix_n_rows
FNDA:1,_RNvNtNtNtCs9ag58sqW9mr_6weaver7structs11real_matrix5testss_18test_matrix_n_cols
FNDA:1,_RNvNtNtNtCs9ag58sqW9mr_6weaver7structs11real_matrix5testss_18test_matrix_is_vec
FNDA:1,_RNvNtNtNtCs9ag58sqW9mr_6weaver7structs11real_matrix5testss_20test_matrix_is_empty
FNDA:1,_RNvNtNtNtCs9ag58sqW9mr_6weaver7structs11real_matrix5testss_17test_matrix_n_dim
FNDA:1,_RNvNtNtNtCs9ag58sqW9mr_6weaver7structs11real_matrix5testss_23test_create_real_matrix
FNDA:1,_RNvNtNtNtCs9ag58sqW9mr_6weaver7structs11real_matrix5testss_30test_create_4_by_7_real_matrix
FNDA:1,_RNvNtNtNtCs9ag58sqW9mr_6weaver7structs11real_matrix5testss_21test_as_mut_array_ref
FNDA:1,_RNvNtNtNtCs9ag58sqW9mr_6weaver7structs11real_matrix5testss_36test_creation_of_real_matrix_success
FNDA:1,_RNvNtNtNtCs9ag58sqW9mr_6weaver7structs11real_matrix5testss_25test_as_mut_array_ref_pt2
FNDA:1,_RNvNtNtNtCs9ag58sqW9mr_6weaver7structs11real_matrix5testss_32test_from_array2_for_real_matrix
FNDA:1,_RNvNtNtNtCs9ag58sqW9mr_6weaver7structs11real_matrix5testss_32test_from_real_matrix_for_array2
FNDA:1,_RNvNtNtNtCs9ag58sqW9mr_6weaver7structs11real_matrix5testss_27test_as_ref_for_real_matrix
FNDA:1,_RNvNtNtNtCs9ag58sqW9mr_6weaver7structs11real_matrix5testss_27test_as_mut_for_real_matrix
FNDA:1,_RNvNtNtNtCs9ag58sqW9mr_6weaver7structs11real_matrix5testss_48test_as_slice_creates_the_expected_option_return
FNDA:1,_RNvNtNtNtCs9ag58sqW9mr_6weaver7structs11real_matrix5testss_34test_as_slice_unwraps_successfully
FNDA:1,_RNvNtNtNtCs9ag58sqW9mr_6weaver7structs11real_matrix5testss_52test_as_slice_mut_creates_the_expected_option_return
FNDA:1,_RNvNtNtNtCs9ag58sqW9mr_6weaver7structs11real_matrix5testss_42test_as_slice_mut_creates_a_mutable_object
FNDA:1,_RNvNtNtNtCs9ag58sqW9mr_6weaver7structs11real_matrix5testss_12test_inverse
FNDA:7,_RNvNtNtCs9ag58sqW9mr_6weaver7structs11real_matrix18create_real_matrix
FNDA:1,_RNvMNtNtCs9ag58sqW9mr_6weaver7structs11real_matrixNtB2_10RealMatrix3new
FNDA:3,_RNvMNtNtCs9ag58sqW9mr_6weaver7structs11real_matrixNtB2_10RealMatrix10with_shape
FNDA:4,_RNvMNtNtCs9ag58sqW9mr_6weaver7structs11real_matrixNtB2_10RealMatrix9is_square
FNDA:2,_RNvMNtNtCs9ag58sqW9mr_6weaver7structs11real_matrixNtB2_10RealMatrix13is_not_square
FNDA:1,_RNvMNtNtCs9ag58sqW9mr_6weaver7structs11real_matrixNtB2_10RealMatrix12as_mut_array
FNDA:2,_RNvMNtNtCs9ag58sqW9mr_6weaver7structs11real_matrixNtB2_10RealMatrix16as_mut_array_ref
FNDA:1,_RNvMNtNtCs9ag58sqW9mr_6weaver7structs11real_matrixNtB2_10RealMatrix3dot
FNDA:1,_RNvMNtNtCs9ag58sqW9mr_6weaver7structs11real_matrixNtB2_10RealMatrix9transpose
FNDA:1,_RNvMNtNtCs9ag58sqW9mr_6weaver7structs11real_matrixNtB2_10RealMatrix4plus
FNDA:1,_RNvMNtNtCs9ag58sqW9mr_6weaver7structs11real_matrixNtB2_10RealMatrix5minus
FNDA:25,_RNvMNtNtCs9ag58sqW9mr_6weaver7structs11real_matrixNtB2_10RealMatrix8from_vec
FNDA:1,_RNvMNtNtCs9ag58sqW9mr_6weaver7structs11real_matrixNtB2_10RealMatrix10from_slice
FNDA:4,_RNvMNtNtCs9ag58sqW9mr_6weaver7structs11real_matrixNtB2_10RealMatrix15is_column_major
FNDA:4,_RNvMNtNtCs9ag58sqW9mr_6weaver7structs11real_matrixNtB2_10RealMatrix15to_column_major
FNDA:2,_RNvMNtNtCs9ag58sqW9mr_6weaver7structs11real_matrixNtB2_10RealMatrix8as_slice
FNDA:3,_RNvMNtNtCs9ag58sqW9mr_6weaver7structs11real_matrixNtB2_10RealMatrix12as_slice_mut
FNDA:1,_RNvMNtNtCs9ag58sqW9mr_6weaver7structs11real_matrixNtB2_10RealMatrix5shape
FNDA:22,_RNvMNtNtCs9ag58sqW9mr_6weaver7structs11real_matrixNtB2_10RealMatrix6n_rows
FNDA:22,_RNvMNtNtCs9ag58sqW9mr_6weaver7structs11real_matrixNtB2_10RealMatrix6n_cols
FNDA:1,_RNvMNtNtCs9ag58sqW9mr_6weaver7structs11real_matrixNtB2_10RealMatrix6is_vec
FNDA:1,_RNvMNtNtCs9ag58sqW9mr_6weaver7structs11real_matrixNtB2_10RealMatrix8is_empty
FNDA:1,_RNvMNtNtCs9ag58sqW9mr_6weaver7structs11real_matrixNtB2_10RealMatrix5n_dim
FNDA:1,_RNvMNtNtCs9ag58sqW9mr_6weaver7structs11real_matrixNtB2_10RealMatrix3inv
FNDA:1,_RNvXs_NtNtCs9ag58sqW9mr_6weaver7structs11real_matrixNtB4_10RealMatrixINtNtCs5cYH0lLSdLc_4core7convert4FromINtCsjQLZIobZomu_7ndarray9ArrayBaseINtNtB1J_9data_repr9OwnedReprdEINtNtNtB1J_9dimension3dim3DimAjj2_EEE4from
FNDA:1,_RNvXs1_NtNtCs9ag58sqW9mr_6weaver7structs11real_matrixNtB5_10RealMatrixINtNtCs5cYH0lLSdLc_4core7convert5AsRefBP_E6as_ref
FNDA:8,_RNvXs2_NtNtCs9ag58sqW9mr_6weaver7structs11real_matrixNtB5_10RealMatrixINtNtCs5cYH0lLSdLc_4core7convert5AsMutBP_E6as_mut
FNF:68
FNH:67
DA:11,7
DA:12,7
DA:13,7
DA:29,1
DA:30,1
DA:31,1
DA:34,3
DA:35,3
DA:36,3
DA:37,3
DA:38,3
DA:40,4
DA:41,4
DA:42,4
DA:44,2
DA:45,2
DA:46,2
DA:50,1
DA:51,1
DA:52,1
DA:55,2
DA:56,2
DA:57,2
DA:61,0
DA:62,0
DA:63,0
DA:64,0
DA:65,0
DA:72,1
DA:73,1
DA:74,1
DA:75,1
DA:76,1
DA:79,1
DA:80,1
DA:81,1
DA:82,1
DA:83,1
DA:86,1
DA:87,1
DA:88,1
DA:89,1
DA:90,1
DA:93,1
DA:94,1
DA:95,1
DA:96,1
DA:97,1
DA:101,25
DA:102,25
DA:103,25
DA:104,25
DA:105,25
DA:109,1
DA:110,1
DA:111,1
DA:112,1
DA:113,1
DA:114,1
DA:117,4
DA:118,4
DA:119,4
DA:123,4
DA:124,4
DA:125,4
DA:127,0
DA:128,0
DA:129,0
DA:130,0
DA:131,0
DA:133,4
DA:136,2
DA:137,2
DA:138,2
DA:141,3
DA:142,3
DA:143,3
DA:146,1
DA:147,1
DA:148,1
DA:149,1
DA:150,1
DA:151,1
DA:154,22
DA:155,22
DA:156,22
DA:159,22
DA:160,22
DA:161,22
DA:164,1
DA:165,1
DA:166,1
DA:169,1
DA:170,1
DA:171,1
DA:174,1
DA:175,1
DA:176,1
DA:178,1
DA:179,1
DA:180,1
DA:181,1
DA:182,1
DA:183,1
DA:194,1
DA:195,1
DA:196,1
DA:200,1
DA:201,1
DA:202,1
DA:206,1
DA:207,1
DA:208,1
DA:212,8
DA:213,8
DA:214,8
DA:225,29
DA:226,29
DA:227,29
DA:228,29
DA:229,29
DA:232,1
DA:233,1
DA:234,1
DA:235,1
DA:236,1
DA:237,1
DA:238,1
DA:239,1
DA:242,1
DA:243,1
DA:244,1
DA:245,1
DA:246,1
DA:247,1
DA:250,1
DA:251,1
DA:252,1
DA:254,1
DA:255,1
DA:256,1
DA:259,1
DA:260,1
DA:261,1
DA:262,1
DA:263,1
DA:266,1
DA:267,1
DA:268,1
DA:269,1
DA:270,1
DA:271,1
DA:274,1
DA:275,1
DA:276,1
DA:277,1
DA:278,1
DA:279,1
DA:280,1
DA:281,1
DA:284,1
DA:285,1
DA:286,1
DA:287,1
DA:288,1
DA:289,1
DA:292,1
DA:293,1
DA:294,1
DA:295,1
DA:296,1
DA:297,1
DA:298,1
DA:299,1
DA:302,1
DA:303,1
DA:304,1
DA:305,1
DA:306,1
DA:309,1
DA:310,1
DA:311,1
DA:312,1
DA:313,1
DA:314,1
DA:315,1
DA:316,1
DA:317,1
DA:318,1
DA:319,1
DA:320,1
DA:321,1
DA:322,1
DA:325,1
DA:326,1
DA:327,1
DA:328,1
DA:329,1
DA:330,1
DA:331,1
DA:355,1
DA:356,1
DA:357,1
DA:358,1
DA:359,1
DA:360,1
DA:361,1
DA:364,1
DA:365,1
DA:366,1
DA:367,1
DA:368,1
DA:369,1
DA:385,1
DA:386,1
DA:387,1
DA:388,1
DA:389,1
DA:390,1
DA:391,1
DA:394,1
DA:395,1
DA:396,1
DA:397,1
DA:398,1
DA:399,1
DA:402,1
DA:403,1
DA:404,1
DA:405,1
DA:406,1
DA:407,1
DA:410,1
DA:411,1
DA:412,1
DA:413,1
DA:414,1
DA:415,1
DA:418,1
DA:419,1
DA:420,1
DA:421,1
DA:422,1
DA:423,1
DA:424,1
DA:425,1
DA:426,1
DA:429,1
DA:430,1
DA:431,1
DA:432,1
DA:433,1
DA:434,1
DA:437,1
DA:438,1
DA:439,1
DA:440,1
DA:441,1
DA:442,1
DA:445,1
DA:446,1
DA:447,1
DA:448,1
DA:449,1
DA:450,1
DA:453,1
DA:454,1
DA:455,1
DA:456,1
DA:457,1
DA:458,1
DA:461,1
DA:462,1
DA:463,1
DA:464,1
DA:465,1
DA:466,1
DA:469,1
DA:470,1
DA:471,1
DA:472,1
DA:473,1
DA:474,1
DA:477,1
DA:478,1
DA:479,1
DA:480,1
DA:481,1
DA:482,1
DA:483,1
DA:484,1
DA:487,1
DA:488,1
DA:489,1
DA:490,1
DA:491,1
DA:492,1
DA:493,1
DA:494,1
DA:495,1
DA:496,1
DA:497,1
DA:498,1
DA:499,1
DA:500,1
DA:501,1
DA:502,1
DA:503,1
DA:504,1
DA:505,1
DA:506,1
DA:507,1
DA:510,1
DA:511,1
DA:512,1
DA:513,1
DA:514,1
DA:515,1
DA:516,1
DA:519,1
DA:520,1
DA:521,1
DA:522,1
DA:523,1
DA:524,1
DA:525,1
DA:526,1
DA:533,1
DA:534,1
DA:535,1
DA:536,1
DA:537,1
DA:538,1
DA:539,1
DA:542,1
DA:543,1
DA:544,1
DA:545,1
DA:546,1
DA:549,1
DA:550,1
DA:551,1
DA:552,1
DA:553,1
DA:554,1
DA:555,1
DA:556,1
DA:557,1
DA:560,1
DA:561,1
DA:562,1
DA:563,1
DA:564,1
DA:565,1
DA:568,1
DA:569,1
DA:570,1
DA:571,1
DA:572,1
DA:574,1
DA:577,1
DA:578,1
DA:579,1
DA:580,1
DA:581,1
DA:582,1
DA:585,1
DA:586,1
DA:587,1
DA:588,1
DA:589,1
DA:590,1
DA:597,1
DA:598,1
DA:599,1
DA:600,1
DA:601,1
DA:602,1
DA:605,1
DA:606,1
DA:607,1
DA:608,1
DA:609,1
DA:611,1
DA:612,1
DA:613,1
DA:614,1
DA:615,1
DA:616,1
DA:617,1
DA:618,1
DA:619,1
DA:620,1
DA:621,1
DA:622,1
DA:623,1
DA:624,1
DA:627,1
DA:628,1
DA:629,1
DA:630,1
DA:631,1
DA:632,1
DA:633,1
DA:634,1
BRF:0
BRH:0
LF:405
LH:395
end_of_record